Started GET "/" for 127.0.0.1 at 2019-02-05 18:59:56 +0100
  [1m[35m (25.0ms)[0m  [1m[34mSELECT "schema_migrations"."version" FROM "schema_migrations" ORDER BY "schema_migrations"."version" ASC[0m
  ↳ /home/lo/.rvm/gems/ruby-2.5.1/gems/activerecord-5.2.2/lib/active_record/log_subscriber.rb:98
Processing by StaticPagesController#accueil as HTML
  Rendering static_pages/accueil.html.erb within layouts/application
  [1m[36mPotin Load (41.6ms)[0m  [1m[34mSELECT "potins".* FROM "potins"[0m
  ↳ app/views/static_pages/accueil.html.erb:8
  [1m[36mUser Load (54.0ms)[0m  [1m[34mSELECT  "users".* FROM "users" WHERE "users"."id" = $1 LIMIT $2[0m  [["id", 5], ["LIMIT", 1]]
  ↳ app/views/static_pages/accueil.html.erb:12
  [1m[36mCACHE User Load (0.0ms)[0m  [1m[34mSELECT  "users".* FROM "users" WHERE "users"."id" = $1 LIMIT $2[0m  [["id", 5], ["LIMIT", 1]]
  ↳ app/views/static_pages/accueil.html.erb:12
  [1m[36mCACHE User Load (0.0ms)[0m  [1m[34mSELECT  "users".* FROM "users" WHERE "users"."id" = $1 LIMIT $2[0m  [["id", 5], ["LIMIT", 1]]
  ↳ app/views/static_pages/accueil.html.erb:12
  Rendered static_pages/accueil.html.erb within layouts/application (232.6ms)
Completed 200 OK in 3701ms (Views: 3524.3ms | ActiveRecord: 121.7ms)


Started GET "/team" for 127.0.0.1 at 2019-02-05 19:00:07 +0100
Processing by StaticPagesController#team as HTML
  Rendering static_pages/team.html.erb within layouts/application
  Rendered static_pages/team.html.erb within layouts/application (1.9ms)
Completed 200 OK in 59ms (Views: 57.6ms | ActiveRecord: 0.0ms)


Started GET "/accueil" for 127.0.0.1 at 2019-02-05 19:00:11 +0100
Processing by StaticPagesController#accueil as HTML
  Rendering static_pages/accueil.html.erb within layouts/application
  [1m[36mPotin Load (2.1ms)[0m  [1m[34mSELECT "potins".* FROM "potins"[0m
  ↳ app/views/static_pages/accueil.html.erb:8
  [1m[36mUser Load (0.7ms)[0m  [1m[34mSELECT  "users".* FROM "users" WHERE "users"."id" = $1 LIMIT $2[0m  [["id", 5], ["LIMIT", 1]]
  ↳ app/views/static_pages/accueil.html.erb:12
  [1m[36mCACHE User Load (0.0ms)[0m  [1m[34mSELECT  "users".* FROM "users" WHERE "users"."id" = $1 LIMIT $2[0m  [["id", 5], ["LIMIT", 1]]
  ↳ app/views/static_pages/accueil.html.erb:12
  [1m[36mCACHE User Load (0.0ms)[0m  [1m[34mSELECT  "users".* FROM "users" WHERE "users"."id" = $1 LIMIT $2[0m  [["id", 5], ["LIMIT", 1]]
  ↳ app/views/static_pages/accueil.html.erb:12
  Rendered static_pages/accueil.html.erb within layouts/application (24.4ms)
Completed 200 OK in 75ms (Views: 61.1ms | ActiveRecord: 12.6ms)


Started GET "/contact" for 127.0.0.1 at 2019-02-05 19:00:16 +0100
Processing by StaticPagesController#contact as HTML
  Rendering static_pages/contact.html.erb within layouts/application
  Rendered static_pages/contact.html.erb within layouts/application (0.7ms)
Completed 200 OK in 70ms (Views: 68.7ms | ActiveRecord: 0.0ms)


Started GET "/accueil" for 127.0.0.1 at 2019-02-05 19:00:19 +0100
Processing by StaticPagesController#accueil as HTML
  Rendering static_pages/accueil.html.erb within layouts/application
  [1m[36mPotin Load (9.9ms)[0m  [1m[34mSELECT "potins".* FROM "potins"[0m
  ↳ app/views/static_pages/accueil.html.erb:8
  [1m[36mUser Load (1.0ms)[0m  [1m[34mSELECT  "users".* FROM "users" WHERE "users"."id" = $1 LIMIT $2[0m  [["id", 5], ["LIMIT", 1]]
  ↳ app/views/static_pages/accueil.html.erb:12
  [1m[36mCACHE User Load (0.0ms)[0m  [1m[34mSELECT  "users".* FROM "users" WHERE "users"."id" = $1 LIMIT $2[0m  [["id", 5], ["LIMIT", 1]]
  ↳ app/views/static_pages/accueil.html.erb:12
  [1m[36mCACHE User Load (0.0ms)[0m  [1m[34mSELECT  "users".* FROM "users" WHERE "users"."id" = $1 LIMIT $2[0m  [["id", 5], ["LIMIT", 1]]
  ↳ app/views/static_pages/accueil.html.erb:12
  Rendered static_pages/accueil.html.erb within layouts/application (17.3ms)
Completed 200 OK in 95ms (Views: 82.6ms | ActiveRecord: 11.0ms)


Started GET "/accueil" for 127.0.0.1 at 2019-02-05 19:03:22 +0100
Processing by StaticPagesController#accueil as HTML
  Rendering static_pages/accueil.html.erb within layouts/application
  [1m[36mPotin Load (2.0ms)[0m  [1m[34mSELECT "potins".* FROM "potins"[0m
  ↳ app/views/static_pages/accueil.html.erb:8
  [1m[36mUser Load (1.6ms)[0m  [1m[34mSELECT  "users".* FROM "users" WHERE "users"."id" = $1 LIMIT $2[0m  [["id", 5], ["LIMIT", 1]]
  ↳ app/views/static_pages/accueil.html.erb:12
  [1m[36mCACHE User Load (0.0ms)[0m  [1m[34mSELECT  "users".* FROM "users" WHERE "users"."id" = $1 LIMIT $2[0m  [["id", 5], ["LIMIT", 1]]
  ↳ app/views/static_pages/accueil.html.erb:12
  [1m[36mCACHE User Load (0.0ms)[0m  [1m[34mSELECT  "users".* FROM "users" WHERE "users"."id" = $1 LIMIT $2[0m  [["id", 5], ["LIMIT", 1]]
  ↳ app/views/static_pages/accueil.html.erb:12
  Rendered static_pages/accueil.html.erb within layouts/application (16.0ms)
Completed 200 OK in 97ms (Views: 87.5ms | ActiveRecord: 3.7ms)


Started GET "/accueil" for 127.0.0.1 at 2019-02-05 19:03:28 +0100
Processing by StaticPagesController#accueil as HTML
  Rendering static_pages/accueil.html.erb within layouts/application
  [1m[36mPotin Load (3.7ms)[0m  [1m[34mSELECT "potins".* FROM "potins"[0m
  ↳ app/views/static_pages/accueil.html.erb:8
  [1m[36mUser Load (3.9ms)[0m  [1m[34mSELECT  "users".* FROM "users" WHERE "users"."id" = $1 LIMIT $2[0m  [["id", 5], ["LIMIT", 1]]
  ↳ app/views/static_pages/accueil.html.erb:12
  [1m[36mCACHE User Load (0.0ms)[0m  [1m[34mSELECT  "users".* FROM "users" WHERE "users"."id" = $1 LIMIT $2[0m  [["id", 5], ["LIMIT", 1]]
  ↳ app/views/static_pages/accueil.html.erb:12
  [1m[36mCACHE User Load (0.0ms)[0m  [1m[34mSELECT  "users".* FROM "users" WHERE "users"."id" = $1 LIMIT $2[0m  [["id", 5], ["LIMIT", 1]]
  ↳ app/views/static_pages/accueil.html.erb:12
  Rendered static_pages/accueil.html.erb within layouts/application (18.5ms)
Completed 200 OK in 85ms (Views: 75.5ms | ActiveRecord: 7.7ms)


Started GET "/team" for 127.0.0.1 at 2019-02-05 19:03:28 +0100
Processing by StaticPagesController#team as HTML
  Rendering static_pages/team.html.erb within layouts/application
  Rendered static_pages/team.html.erb within layouts/application (0.5ms)
Completed 200 OK in 71ms (Views: 68.6ms | ActiveRecord: 0.0ms)


Started GET "/contact" for 127.0.0.1 at 2019-02-05 19:03:30 +0100
Processing by StaticPagesController#contact as HTML
  Rendering static_pages/contact.html.erb within layouts/application
  Rendered static_pages/contact.html.erb within layouts/application (0.7ms)
Completed 200 OK in 58ms (Views: 56.1ms | ActiveRecord: 0.0ms)


Started GET "/accueil" for 127.0.0.1 at 2019-02-05 19:03:32 +0100
Processing by StaticPagesController#accueil as HTML
  Rendering static_pages/accueil.html.erb within layouts/application
  [1m[36mPotin Load (0.5ms)[0m  [1m[34mSELECT "potins".* FROM "potins"[0m
  ↳ app/views/static_pages/accueil.html.erb:8
  [1m[36mUser Load (0.5ms)[0m  [1m[34mSELECT  "users".* FROM "users" WHERE "users"."id" = $1 LIMIT $2[0m  [["id", 5], ["LIMIT", 1]]
  ↳ app/views/static_pages/accueil.html.erb:12
  [1m[36mCACHE User Load (0.0ms)[0m  [1m[34mSELECT  "users".* FROM "users" WHERE "users"."id" = $1 LIMIT $2[0m  [["id", 5], ["LIMIT", 1]]
  ↳ app/views/static_pages/accueil.html.erb:12
  [1m[36mCACHE User Load (0.0ms)[0m  [1m[34mSELECT  "users".* FROM "users" WHERE "users"."id" = $1 LIMIT $2[0m  [["id", 5], ["LIMIT", 1]]
  ↳ app/views/static_pages/accueil.html.erb:12
  Rendered static_pages/accueil.html.erb within layouts/application (14.8ms)
Completed 200 OK in 85ms (Views: 82.4ms | ActiveRecord: 1.0ms)


Started GET "/accueil/lo" for 127.0.0.1 at 2019-02-05 19:03:38 +0100
  
ActionController::RoutingError (No route matches [GET] "/accueil/lo"):
  
actionpack (5.2.2) lib/action_dispatch/middleware/debug_exceptions.rb:65:in `call'
web-console (3.7.0) lib/web_console/middleware.rb:135:in `call_app'
web-console (3.7.0) lib/web_console/middleware.rb:30:in `block in call'
web-console (3.7.0) lib/web_console/middleware.rb:20:in `catch'
web-console (3.7.0) lib/web_console/middleware.rb:20:in `call'
actionpack (5.2.2) lib/action_dispatch/middleware/show_exceptions.rb:33:in `call'
railties (5.2.2) lib/rails/rack/logger.rb:38:in `call_app'
railties (5.2.2) lib/rails/rack/logger.rb:26:in `block in call'
activesupport (5.2.2) lib/active_support/tagged_logging.rb:71:in `block in tagged'
activesupport (5.2.2) lib/active_support/tagged_logging.rb:28:in `tagged'
activesupport (5.2.2) lib/active_support/tagged_logging.rb:71:in `tagged'
railties (5.2.2) lib/rails/rack/logger.rb:26:in `call'
sprockets-rails (3.2.1) lib/sprockets/rails/quiet_assets.rb:13:in `call'
actionpack (5.2.2) lib/action_dispatch/middleware/remote_ip.rb:81:in `call'
actionpack (5.2.2) lib/action_dispatch/middleware/request_id.rb:27:in `call'
rack (2.0.6) lib/rack/method_override.rb:22:in `call'
rack (2.0.6) lib/rack/runtime.rb:22:in `call'
activesupport (5.2.2) lib/active_support/cache/strategy/local_cache_middleware.rb:29:in `call'
actionpack (5.2.2) lib/action_dispatch/middleware/executor.rb:14:in `call'
actionpack (5.2.2) lib/action_dispatch/middleware/static.rb:127:in `call'
rack (2.0.6) lib/rack/sendfile.rb:111:in `call'
railties (5.2.2) lib/rails/engine.rb:524:in `call'
puma (3.12.0) lib/puma/configuration.rb:225:in `call'
puma (3.12.0) lib/puma/server.rb:658:in `handle_request'
puma (3.12.0) lib/puma/server.rb:472:in `process_client'
puma (3.12.0) lib/puma/server.rb:332:in `block in run'
puma (3.12.0) lib/puma/thread_pool.rb:133:in `block in spawn_thread'
Started GET "/team" for 127.0.0.1 at 2019-02-05 19:03:48 +0100
Processing by StaticPagesController#team as HTML
  Rendering static_pages/team.html.erb within layouts/application
  Rendered static_pages/team.html.erb within layouts/application (0.4ms)
Completed 200 OK in 54ms (Views: 52.6ms | ActiveRecord: 0.0ms)


Started GET "/contact" for 127.0.0.1 at 2019-02-05 19:03:49 +0100
Processing by StaticPagesController#contact as HTML
  Rendering static_pages/contact.html.erb within layouts/application
  Rendered static_pages/contact.html.erb within layouts/application (1.4ms)
Completed 200 OK in 66ms (Views: 64.6ms | ActiveRecord: 0.0ms)


Started GET "/accueil" for 127.0.0.1 at 2019-02-05 19:03:54 +0100
Processing by StaticPagesController#accueil as HTML
  Rendering static_pages/accueil.html.erb within layouts/application
  [1m[36mPotin Load (3.5ms)[0m  [1m[34mSELECT "potins".* FROM "potins"[0m
  ↳ app/views/static_pages/accueil.html.erb:8
  [1m[36mUser Load (0.5ms)[0m  [1m[34mSELECT  "users".* FROM "users" WHERE "users"."id" = $1 LIMIT $2[0m  [["id", 5], ["LIMIT", 1]]
  ↳ app/views/static_pages/accueil.html.erb:12
  [1m[36mCACHE User Load (0.0ms)[0m  [1m[34mSELECT  "users".* FROM "users" WHERE "users"."id" = $1 LIMIT $2[0m  [["id", 5], ["LIMIT", 1]]
  ↳ app/views/static_pages/accueil.html.erb:12
  [1m[36mCACHE User Load (0.0ms)[0m  [1m[34mSELECT  "users".* FROM "users" WHERE "users"."id" = $1 LIMIT $2[0m  [["id", 5], ["LIMIT", 1]]
  ↳ app/views/static_pages/accueil.html.erb:12
  Rendered static_pages/accueil.html.erb within layouts/application (10.1ms)
Completed 200 OK in 56ms (Views: 50.6ms | ActiveRecord: 4.1ms)


Started GET "/team" for 127.0.0.1 at 2019-02-05 19:03:56 +0100
Processing by StaticPagesController#team as HTML
  Rendering static_pages/team.html.erb within layouts/application
  Rendered static_pages/team.html.erb within layouts/application (0.5ms)
Completed 200 OK in 80ms (Views: 78.8ms | ActiveRecord: 0.0ms)


Started GET "/contact" for 127.0.0.1 at 2019-02-05 19:04:01 +0100
Processing by StaticPagesController#contact as HTML
  Rendering static_pages/contact.html.erb within layouts/application
  Rendered static_pages/contact.html.erb within layouts/application (0.7ms)
Completed 200 OK in 65ms (Views: 63.3ms | ActiveRecord: 0.0ms)


Started POST "/contact" for 127.0.0.1 at 2019-02-05 19:04:11 +0100
Processing by StaticPagesController#contact_post as HTML
  Parameters: {"authenticity_token"=>"mRm1UwrM4aRRxuRJxLMDmiVOw0fXBDOyJc92xPZp7POJ6dhmlPQXCvnFpb3yVl2BpzTjBdYYdfDqkh4tYGkxyw==", "f_name"=>"lo", "message"=>"hello", "Envoyer"=>"Envoyer"}
No template found for StaticPagesController#contact_post, rendering head :no_content
Completed 204 No Content in 55ms (ActiveRecord: 0.0ms)


Started POST "/contact" for 127.0.0.1 at 2019-02-05 19:04:14 +0100
Processing by StaticPagesController#contact_post as HTML
  Parameters: {"authenticity_token"=>"mRm1UwrM4aRRxuRJxLMDmiVOw0fXBDOyJc92xPZp7POJ6dhmlPQXCvnFpb3yVl2BpzTjBdYYdfDqkh4tYGkxyw==", "f_name"=>"lo", "message"=>"hello", "Envoyer"=>"Envoyer"}
No template found for StaticPagesController#contact_post, rendering head :no_content
Completed 204 No Content in 46ms (ActiveRecord: 0.0ms)


Started GET "/accueil" for 127.0.0.1 at 2019-02-05 19:04:28 +0100
Processing by StaticPagesController#accueil as HTML
  Rendering static_pages/accueil.html.erb within layouts/application
  [1m[36mPotin Load (0.8ms)[0m  [1m[34mSELECT "potins".* FROM "potins"[0m
  ↳ app/views/static_pages/accueil.html.erb:8
  [1m[36mUser Load (0.7ms)[0m  [1m[34mSELECT  "users".* FROM "users" WHERE "users"."id" = $1 LIMIT $2[0m  [["id", 5], ["LIMIT", 1]]
  ↳ app/views/static_pages/accueil.html.erb:12
  [1m[36mCACHE User Load (0.0ms)[0m  [1m[34mSELECT  "users".* FROM "users" WHERE "users"."id" = $1 LIMIT $2[0m  [["id", 5], ["LIMIT", 1]]
  ↳ app/views/static_pages/accueil.html.erb:12
  [1m[36mCACHE User Load (0.0ms)[0m  [1m[34mSELECT  "users".* FROM "users" WHERE "users"."id" = $1 LIMIT $2[0m  [["id", 5], ["LIMIT", 1]]
  ↳ app/views/static_pages/accueil.html.erb:12
  Rendered static_pages/accueil.html.erb within layouts/application (17.0ms)
Completed 200 OK in 88ms (Views: 85.2ms | ActiveRecord: 1.6ms)


Started GET "/accueil/lo" for 127.0.0.1 at 2019-02-05 19:15:14 +0100
  
ActionController::RoutingError (No route matches [GET] "/accueil/lo"):
  
actionpack (5.2.2) lib/action_dispatch/middleware/debug_exceptions.rb:65:in `call'
web-console (3.7.0) lib/web_console/middleware.rb:135:in `call_app'
web-console (3.7.0) lib/web_console/middleware.rb:30:in `block in call'
web-console (3.7.0) lib/web_console/middleware.rb:20:in `catch'
web-console (3.7.0) lib/web_console/middleware.rb:20:in `call'
actionpack (5.2.2) lib/action_dispatch/middleware/show_exceptions.rb:33:in `call'
railties (5.2.2) lib/rails/rack/logger.rb:38:in `call_app'
railties (5.2.2) lib/rails/rack/logger.rb:26:in `block in call'
activesupport (5.2.2) lib/active_support/tagged_logging.rb:71:in `block in tagged'
activesupport (5.2.2) lib/active_support/tagged_logging.rb:28:in `tagged'
activesupport (5.2.2) lib/active_support/tagged_logging.rb:71:in `tagged'
railties (5.2.2) lib/rails/rack/logger.rb:26:in `call'
sprockets-rails (3.2.1) lib/sprockets/rails/quiet_assets.rb:13:in `call'
actionpack (5.2.2) lib/action_dispatch/middleware/remote_ip.rb:81:in `call'
actionpack (5.2.2) lib/action_dispatch/middleware/request_id.rb:27:in `call'
rack (2.0.6) lib/rack/method_override.rb:22:in `call'
rack (2.0.6) lib/rack/runtime.rb:22:in `call'
activesupport (5.2.2) lib/active_support/cache/strategy/local_cache_middleware.rb:29:in `call'
actionpack (5.2.2) lib/action_dispatch/middleware/executor.rb:14:in `call'
actionpack (5.2.2) lib/action_dispatch/middleware/static.rb:127:in `call'
rack (2.0.6) lib/rack/sendfile.rb:111:in `call'
railties (5.2.2) lib/rails/engine.rb:524:in `call'
puma (3.12.0) lib/puma/configuration.rb:225:in `call'
puma (3.12.0) lib/puma/server.rb:658:in `handle_request'
puma (3.12.0) lib/puma/server.rb:472:in `process_client'
puma (3.12.0) lib/puma/server.rb:332:in `block in run'
puma (3.12.0) lib/puma/thread_pool.rb:133:in `block in spawn_thread'
Started GET "/contact" for 127.0.0.1 at 2019-02-05 19:15:22 +0100
Processing by StaticPagesController#contact as HTML
  Rendering static_pages/contact.html.erb within layouts/application
  Rendered static_pages/contact.html.erb within layouts/application (0.6ms)
Completed 200 OK in 65ms (Views: 57.8ms | ActiveRecord: 0.0ms)


Started GET "/accueil" for 127.0.0.1 at 2019-02-05 19:15:24 +0100
Processing by StaticPagesController#accueil as HTML
  Rendering static_pages/accueil.html.erb within layouts/application
  [1m[36mPotin Load (1.8ms)[0m  [1m[34mSELECT "potins".* FROM "potins"[0m
  ↳ app/views/static_pages/accueil.html.erb:8
  [1m[36mUser Load (0.6ms)[0m  [1m[34mSELECT  "users".* FROM "users" WHERE "users"."id" = $1 LIMIT $2[0m  [["id", 5], ["LIMIT", 1]]
  ↳ app/views/static_pages/accueil.html.erb:12
  [1m[36mCACHE User Load (0.0ms)[0m  [1m[34mSELECT  "users".* FROM "users" WHERE "users"."id" = $1 LIMIT $2[0m  [["id", 5], ["LIMIT", 1]]
  ↳ app/views/static_pages/accueil.html.erb:12
  [1m[36mCACHE User Load (0.0ms)[0m  [1m[34mSELECT  "users".* FROM "users" WHERE "users"."id" = $1 LIMIT $2[0m  [["id", 5], ["LIMIT", 1]]
  ↳ app/views/static_pages/accueil.html.erb:12
  Rendered static_pages/accueil.html.erb within layouts/application (78.1ms)
Completed 200 OK in 158ms (Views: 125.2ms | ActiveRecord: 19.2ms)


Started GET "/accueil/lo" for 127.0.0.1 at 2019-02-05 19:20:37 +0100
  
ActionController::RoutingError (No route matches [GET] "/accueil/lo"):
  
actionpack (5.2.2) lib/action_dispatch/middleware/debug_exceptions.rb:65:in `call'
web-console (3.7.0) lib/web_console/middleware.rb:135:in `call_app'
web-console (3.7.0) lib/web_console/middleware.rb:30:in `block in call'
web-console (3.7.0) lib/web_console/middleware.rb:20:in `catch'
web-console (3.7.0) lib/web_console/middleware.rb:20:in `call'
actionpack (5.2.2) lib/action_dispatch/middleware/show_exceptions.rb:33:in `call'
railties (5.2.2) lib/rails/rack/logger.rb:38:in `call_app'
railties (5.2.2) lib/rails/rack/logger.rb:26:in `block in call'
activesupport (5.2.2) lib/active_support/tagged_logging.rb:71:in `block in tagged'
activesupport (5.2.2) lib/active_support/tagged_logging.rb:28:in `tagged'
activesupport (5.2.2) lib/active_support/tagged_logging.rb:71:in `tagged'
railties (5.2.2) lib/rails/rack/logger.rb:26:in `call'
sprockets-rails (3.2.1) lib/sprockets/rails/quiet_assets.rb:13:in `call'
actionpack (5.2.2) lib/action_dispatch/middleware/remote_ip.rb:81:in `call'
actionpack (5.2.2) lib/action_dispatch/middleware/request_id.rb:27:in `call'
rack (2.0.6) lib/rack/method_override.rb:22:in `call'
rack (2.0.6) lib/rack/runtime.rb:22:in `call'
activesupport (5.2.2) lib/active_support/cache/strategy/local_cache_middleware.rb:29:in `call'
actionpack (5.2.2) lib/action_dispatch/middleware/executor.rb:14:in `call'
actionpack (5.2.2) lib/action_dispatch/middleware/static.rb:127:in `call'
rack (2.0.6) lib/rack/sendfile.rb:111:in `call'
railties (5.2.2) lib/rails/engine.rb:524:in `call'
puma (3.12.0) lib/puma/configuration.rb:225:in `call'
puma (3.12.0) lib/puma/server.rb:658:in `handle_request'
puma (3.12.0) lib/puma/server.rb:472:in `process_client'
puma (3.12.0) lib/puma/server.rb:332:in `block in run'
puma (3.12.0) lib/puma/thread_pool.rb:133:in `block in spawn_thread'
Started GET "/welcome" for 127.0.0.1 at 2019-02-05 19:23:41 +0100
  
ActionController::RoutingError (No route matches [GET] "/welcome"):
  
actionpack (5.2.2) lib/action_dispatch/middleware/debug_exceptions.rb:65:in `call'
web-console (3.7.0) lib/web_console/middleware.rb:135:in `call_app'
web-console (3.7.0) lib/web_console/middleware.rb:30:in `block in call'
web-console (3.7.0) lib/web_console/middleware.rb:20:in `catch'
web-console (3.7.0) lib/web_console/middleware.rb:20:in `call'
actionpack (5.2.2) lib/action_dispatch/middleware/show_exceptions.rb:33:in `call'
railties (5.2.2) lib/rails/rack/logger.rb:38:in `call_app'
railties (5.2.2) lib/rails/rack/logger.rb:26:in `block in call'
activesupport (5.2.2) lib/active_support/tagged_logging.rb:71:in `block in tagged'
activesupport (5.2.2) lib/active_support/tagged_logging.rb:28:in `tagged'
activesupport (5.2.2) lib/active_support/tagged_logging.rb:71:in `tagged'
railties (5.2.2) lib/rails/rack/logger.rb:26:in `call'
sprockets-rails (3.2.1) lib/sprockets/rails/quiet_assets.rb:13:in `call'
actionpack (5.2.2) lib/action_dispatch/middleware/remote_ip.rb:81:in `call'
actionpack (5.2.2) lib/action_dispatch/middleware/request_id.rb:27:in `call'
rack (2.0.6) lib/rack/method_override.rb:22:in `call'
rack (2.0.6) lib/rack/runtime.rb:22:in `call'
activesupport (5.2.2) lib/active_support/cache/strategy/local_cache_middleware.rb:29:in `call'
actionpack (5.2.2) lib/action_dispatch/middleware/executor.rb:14:in `call'
actionpack (5.2.2) lib/action_dispatch/middleware/static.rb:127:in `call'
rack (2.0.6) lib/rack/sendfile.rb:111:in `call'
railties (5.2.2) lib/rails/engine.rb:524:in `call'
puma (3.12.0) lib/puma/configuration.rb:225:in `call'
puma (3.12.0) lib/puma/server.rb:658:in `handle_request'
puma (3.12.0) lib/puma/server.rb:472:in `process_client'
puma (3.12.0) lib/puma/server.rb:332:in `block in run'
puma (3.12.0) lib/puma/thread_pool.rb:133:in `block in spawn_thread'
Started GET "/welcome/test" for 127.0.0.1 at 2019-02-05 19:23:45 +0100
Processing by BienvenueController#user as HTML
  Parameters: {"name"=>"test"}
  Rendering bienvenue/user.html.erb within layouts/application
  Rendered bienvenue/user.html.erb within layouts/application (0.6ms)
Completed 200 OK in 53ms (Views: 51.6ms | ActiveRecord: 0.0ms)


Started GET "/accueil" for 127.0.0.1 at 2019-02-05 19:23:54 +0100
Processing by StaticPagesController#accueil as HTML
  Rendering static_pages/accueil.html.erb within layouts/application
  [1m[36mPotin Load (1.9ms)[0m  [1m[34mSELECT "potins".* FROM "potins"[0m
  ↳ app/views/static_pages/accueil.html.erb:8
  [1m[36mUser Load (2.3ms)[0m  [1m[34mSELECT  "users".* FROM "users" WHERE "users"."id" = $1 LIMIT $2[0m  [["id", 5], ["LIMIT", 1]]
  ↳ app/views/static_pages/accueil.html.erb:12
  [1m[36mCACHE User Load (0.0ms)[0m  [1m[34mSELECT  "users".* FROM "users" WHERE "users"."id" = $1 LIMIT $2[0m  [["id", 5], ["LIMIT", 1]]
  ↳ app/views/static_pages/accueil.html.erb:12
  [1m[36mCACHE User Load (0.0ms)[0m  [1m[34mSELECT  "users".* FROM "users" WHERE "users"."id" = $1 LIMIT $2[0m  [["id", 5], ["LIMIT", 1]]
  ↳ app/views/static_pages/accueil.html.erb:12
  Rendered static_pages/accueil.html.erb within layouts/application (15.8ms)
Completed 200 OK in 96ms (Views: 89.9ms | ActiveRecord: 4.2ms)


Started GET "/team" for 127.0.0.1 at 2019-02-05 19:23:57 +0100
Processing by StaticPagesController#team as HTML
  Rendering static_pages/team.html.erb within layouts/application
  Rendered static_pages/team.html.erb within layouts/application (0.5ms)
Completed 200 OK in 62ms (Views: 60.5ms | ActiveRecord: 0.0ms)


Started GET "/contact" for 127.0.0.1 at 2019-02-05 19:23:58 +0100
Processing by StaticPagesController#contact as HTML
  Rendering static_pages/contact.html.erb within layouts/application
  Rendered static_pages/contact.html.erb within layouts/application (0.6ms)
Completed 200 OK in 64ms (Views: 62.2ms | ActiveRecord: 0.0ms)


Started GET "/accueil" for 127.0.0.1 at 2019-02-05 19:23:59 +0100
Processing by StaticPagesController#accueil as HTML
  Rendering static_pages/accueil.html.erb within layouts/application
  [1m[36mPotin Load (1.2ms)[0m  [1m[34mSELECT "potins".* FROM "potins"[0m
  ↳ app/views/static_pages/accueil.html.erb:8
  [1m[36mUser Load (0.7ms)[0m  [1m[34mSELECT  "users".* FROM "users" WHERE "users"."id" = $1 LIMIT $2[0m  [["id", 5], ["LIMIT", 1]]
  ↳ app/views/static_pages/accueil.html.erb:12
  [1m[36mCACHE User Load (0.0ms)[0m  [1m[34mSELECT  "users".* FROM "users" WHERE "users"."id" = $1 LIMIT $2[0m  [["id", 5], ["LIMIT", 1]]
  ↳ app/views/static_pages/accueil.html.erb:12
  [1m[36mCACHE User Load (0.0ms)[0m  [1m[34mSELECT  "users".* FROM "users" WHERE "users"."id" = $1 LIMIT $2[0m  [["id", 5], ["LIMIT", 1]]
  ↳ app/views/static_pages/accueil.html.erb:12
  Rendered static_pages/accueil.html.erb within layouts/application (25.8ms)
Completed 200 OK in 84ms (Views: 80.1ms | ActiveRecord: 2.0ms)


Started GET "/team" for 127.0.0.1 at 2019-02-05 19:24:01 +0100
Processing by StaticPagesController#team as HTML
  Rendering static_pages/team.html.erb within layouts/application
  Rendered static_pages/team.html.erb within layouts/application (3.5ms)
Completed 200 OK in 62ms (Views: 60.5ms | ActiveRecord: 0.0ms)


Started GET "/contact" for 127.0.0.1 at 2019-02-05 19:24:02 +0100
Processing by StaticPagesController#contact as HTML
  Rendering static_pages/contact.html.erb within layouts/application
  Rendered static_pages/contact.html.erb within layouts/application (0.7ms)
Completed 200 OK in 91ms (Views: 89.4ms | ActiveRecord: 0.0ms)


Started GET "/welcome" for 127.0.0.1 at 2019-02-05 19:26:11 +0100
  
ActionController::RoutingError (No route matches [GET] "/welcome"):
  
actionpack (5.2.2) lib/action_dispatch/middleware/debug_exceptions.rb:65:in `call'
web-console (3.7.0) lib/web_console/middleware.rb:135:in `call_app'
web-console (3.7.0) lib/web_console/middleware.rb:30:in `block in call'
web-console (3.7.0) lib/web_console/middleware.rb:20:in `catch'
web-console (3.7.0) lib/web_console/middleware.rb:20:in `call'
actionpack (5.2.2) lib/action_dispatch/middleware/show_exceptions.rb:33:in `call'
railties (5.2.2) lib/rails/rack/logger.rb:38:in `call_app'
railties (5.2.2) lib/rails/rack/logger.rb:26:in `block in call'
activesupport (5.2.2) lib/active_support/tagged_logging.rb:71:in `block in tagged'
activesupport (5.2.2) lib/active_support/tagged_logging.rb:28:in `tagged'
activesupport (5.2.2) lib/active_support/tagged_logging.rb:71:in `tagged'
railties (5.2.2) lib/rails/rack/logger.rb:26:in `call'
sprockets-rails (3.2.1) lib/sprockets/rails/quiet_assets.rb:13:in `call'
actionpack (5.2.2) lib/action_dispatch/middleware/remote_ip.rb:81:in `call'
actionpack (5.2.2) lib/action_dispatch/middleware/request_id.rb:27:in `call'
rack (2.0.6) lib/rack/method_override.rb:22:in `call'
rack (2.0.6) lib/rack/runtime.rb:22:in `call'
activesupport (5.2.2) lib/active_support/cache/strategy/local_cache_middleware.rb:29:in `call'
actionpack (5.2.2) lib/action_dispatch/middleware/executor.rb:14:in `call'
actionpack (5.2.2) lib/action_dispatch/middleware/static.rb:127:in `call'
rack (2.0.6) lib/rack/sendfile.rb:111:in `call'
railties (5.2.2) lib/rails/engine.rb:524:in `call'
puma (3.12.0) lib/puma/configuration.rb:225:in `call'
puma (3.12.0) lib/puma/server.rb:658:in `handle_request'
puma (3.12.0) lib/puma/server.rb:472:in `process_client'
puma (3.12.0) lib/puma/server.rb:332:in `block in run'
puma (3.12.0) lib/puma/thread_pool.rb:133:in `block in spawn_thread'
Started GET "/welcome/test" for 127.0.0.1 at 2019-02-05 19:26:31 +0100
Processing by BienvenueController#user as HTML
  Parameters: {"name"=>"test"}
  Rendering bienvenue/user.html.erb within layouts/application
  Rendered bienvenue/user.html.erb within layouts/application (1.7ms)
Completed 200 OK in 60ms (Views: 58.0ms | ActiveRecord: 0.0ms)


Started GET "/welcome" for 127.0.0.1 at 2019-02-05 19:28:39 +0100
  
ActionController::RoutingError (No route matches [GET] "/welcome"):
  
actionpack (5.2.2) lib/action_dispatch/middleware/debug_exceptions.rb:65:in `call'
web-console (3.7.0) lib/web_console/middleware.rb:135:in `call_app'
web-console (3.7.0) lib/web_console/middleware.rb:30:in `block in call'
web-console (3.7.0) lib/web_console/middleware.rb:20:in `catch'
web-console (3.7.0) lib/web_console/middleware.rb:20:in `call'
actionpack (5.2.2) lib/action_dispatch/middleware/show_exceptions.rb:33:in `call'
railties (5.2.2) lib/rails/rack/logger.rb:38:in `call_app'
railties (5.2.2) lib/rails/rack/logger.rb:26:in `block in call'
activesupport (5.2.2) lib/active_support/tagged_logging.rb:71:in `block in tagged'
activesupport (5.2.2) lib/active_support/tagged_logging.rb:28:in `tagged'
activesupport (5.2.2) lib/active_support/tagged_logging.rb:71:in `tagged'
railties (5.2.2) lib/rails/rack/logger.rb:26:in `call'
sprockets-rails (3.2.1) lib/sprockets/rails/quiet_assets.rb:13:in `call'
actionpack (5.2.2) lib/action_dispatch/middleware/remote_ip.rb:81:in `call'
actionpack (5.2.2) lib/action_dispatch/middleware/request_id.rb:27:in `call'
rack (2.0.6) lib/rack/method_override.rb:22:in `call'
rack (2.0.6) lib/rack/runtime.rb:22:in `call'
activesupport (5.2.2) lib/active_support/cache/strategy/local_cache_middleware.rb:29:in `call'
actionpack (5.2.2) lib/action_dispatch/middleware/executor.rb:14:in `call'
actionpack (5.2.2) lib/action_dispatch/middleware/static.rb:127:in `call'
rack (2.0.6) lib/rack/sendfile.rb:111:in `call'
railties (5.2.2) lib/rails/engine.rb:524:in `call'
puma (3.12.0) lib/puma/configuration.rb:225:in `call'
puma (3.12.0) lib/puma/server.rb:658:in `handle_request'
puma (3.12.0) lib/puma/server.rb:472:in `process_client'
puma (3.12.0) lib/puma/server.rb:332:in `block in run'
puma (3.12.0) lib/puma/thread_pool.rb:133:in `block in spawn_thread'
Started GET "/welcome/test" for 127.0.0.1 at 2019-02-05 19:28:43 +0100
Processing by BienvenueController#user as HTML
  Parameters: {"name"=>"test"}
  Rendering bienvenue/user.html.erb within layouts/application
  Rendered bienvenue/user.html.erb within layouts/application (0.6ms)
Completed 200 OK in 38ms (Views: 36.8ms | ActiveRecord: 0.0ms)


Started GET "/welcome/lo" for 127.0.0.1 at 2019-02-05 19:28:48 +0100
Processing by BienvenueController#user as HTML
  Parameters: {"name"=>"lo"}
  Rendering bienvenue/user.html.erb within layouts/application
  Rendered bienvenue/user.html.erb within layouts/application (1.8ms)
Completed 200 OK in 72ms (Views: 70.3ms | ActiveRecord: 0.0ms)


Started GET "/welcome/yo" for 127.0.0.1 at 2019-02-05 19:28:55 +0100
Processing by BienvenueController#user as HTML
  Parameters: {"name"=>"yo"}
  Rendering bienvenue/user.html.erb within layouts/application
  Rendered bienvenue/user.html.erb within layouts/application (0.7ms)
Completed 200 OK in 42ms (Views: 40.2ms | ActiveRecord: 0.0ms)


Started GET "/team" for 127.0.0.1 at 2019-02-05 19:29:00 +0100
Processing by StaticPagesController#team as HTML
  Rendering static_pages/team.html.erb within layouts/application
  Rendered static_pages/team.html.erb within layouts/application (0.6ms)
Completed 200 OK in 62ms (Views: 59.8ms | ActiveRecord: 0.0ms)


Started GET "/contact" for 127.0.0.1 at 2019-02-05 19:29:01 +0100
Processing by StaticPagesController#contact as HTML
  Rendering static_pages/contact.html.erb within layouts/application
  Rendered static_pages/contact.html.erb within layouts/application (0.7ms)
Completed 200 OK in 58ms (Views: 56.6ms | ActiveRecord: 0.0ms)


Started GET "/accueil" for 127.0.0.1 at 2019-02-05 19:29:02 +0100
Processing by StaticPagesController#accueil as HTML
  Rendering static_pages/accueil.html.erb within layouts/application
  [1m[36mPotin Load (0.5ms)[0m  [1m[34mSELECT "potins".* FROM "potins"[0m
  ↳ app/views/static_pages/accueil.html.erb:8
  [1m[36mUser Load (0.5ms)[0m  [1m[34mSELECT  "users".* FROM "users" WHERE "users"."id" = $1 LIMIT $2[0m  [["id", 5], ["LIMIT", 1]]
  ↳ app/views/static_pages/accueil.html.erb:12
  [1m[36mCACHE User Load (0.0ms)[0m  [1m[34mSELECT  "users".* FROM "users" WHERE "users"."id" = $1 LIMIT $2[0m  [["id", 5], ["LIMIT", 1]]
  ↳ app/views/static_pages/accueil.html.erb:12
  [1m[36mCACHE User Load (0.0ms)[0m  [1m[34mSELECT  "users".* FROM "users" WHERE "users"."id" = $1 LIMIT $2[0m  [["id", 5], ["LIMIT", 1]]
  ↳ app/views/static_pages/accueil.html.erb:12
  Rendered static_pages/accueil.html.erb within layouts/application (12.8ms)
Completed 200 OK in 61ms (Views: 57.4ms | ActiveRecord: 1.0ms)


Started GET "/accueil" for 127.0.0.1 at 2019-02-05 19:29:05 +0100
Processing by StaticPagesController#accueil as HTML
  Rendering static_pages/accueil.html.erb within layouts/application
  [1m[36mPotin Load (3.6ms)[0m  [1m[34mSELECT "potins".* FROM "potins"[0m
  ↳ app/views/static_pages/accueil.html.erb:8
  [1m[36mUser Load (2.8ms)[0m  [1m[34mSELECT  "users".* FROM "users" WHERE "users"."id" = $1 LIMIT $2[0m  [["id", 5], ["LIMIT", 1]]
  ↳ app/views/static_pages/accueil.html.erb:12
  [1m[36mCACHE User Load (0.0ms)[0m  [1m[34mSELECT  "users".* FROM "users" WHERE "users"."id" = $1 LIMIT $2[0m  [["id", 5], ["LIMIT", 1]]
  ↳ app/views/static_pages/accueil.html.erb:12
  [1m[36mCACHE User Load (0.0ms)[0m  [1m[34mSELECT  "users".* FROM "users" WHERE "users"."id" = $1 LIMIT $2[0m  [["id", 5], ["LIMIT", 1]]
  ↳ app/views/static_pages/accueil.html.erb:12
  Rendered static_pages/accueil.html.erb within layouts/application (12.1ms)
Completed 200 OK in 92ms (Views: 84.2ms | ActiveRecord: 6.4ms)


Started GET "/welcome/test" for 127.0.0.1 at 2019-02-05 19:32:47 +0100
Processing by BienvenueController#user as HTML
  Parameters: {"name"=>"test"}
  Rendering bienvenue/user.html.erb within layouts/application
  Rendered bienvenue/user.html.erb within layouts/application (0.7ms)
Completed 200 OK in 45ms (Views: 43.7ms | ActiveRecord: 0.0ms)


Started GET "/welcome/lo" for 127.0.0.1 at 2019-02-05 19:32:55 +0100
Processing by BienvenueController#user as HTML
  Parameters: {"name"=>"lo"}
  Rendering bienvenue/user.html.erb within layouts/application
  Rendered bienvenue/user.html.erb within layouts/application (0.7ms)
Completed 200 OK in 60ms (Views: 58.7ms | ActiveRecord: 0.0ms)


Started GET "/accueil" for 127.0.0.1 at 2019-02-05 19:36:31 +0100
Processing by StaticPagesController#accueil as HTML
  Rendering static_pages/accueil.html.erb within layouts/application
  [1m[36mPotin Load (0.5ms)[0m  [1m[34mSELECT "potins".* FROM "potins"[0m
  ↳ app/views/static_pages/accueil.html.erb:8
  [1m[36mUser Load (3.7ms)[0m  [1m[34mSELECT  "users".* FROM "users" WHERE "users"."id" = $1 LIMIT $2[0m  [["id", 5], ["LIMIT", 1]]
  ↳ app/views/static_pages/accueil.html.erb:12
  [1m[36mCACHE User Load (0.0ms)[0m  [1m[34mSELECT  "users".* FROM "users" WHERE "users"."id" = $1 LIMIT $2[0m  [["id", 5], ["LIMIT", 1]]
  ↳ app/views/static_pages/accueil.html.erb:12
  [1m[36mCACHE User Load (0.0ms)[0m  [1m[34mSELECT  "users".* FROM "users" WHERE "users"."id" = $1 LIMIT $2[0m  [["id", 5], ["LIMIT", 1]]
  ↳ app/views/static_pages/accueil.html.erb:12
  Rendered static_pages/accueil.html.erb within layouts/application (10.2ms)
Completed 200 OK in 69ms (Views: 63.3ms | ActiveRecord: 4.2ms)


Started GET "/accueil" for 127.0.0.1 at 2019-02-05 19:45:28 +0100
  [1m[35m (1.0ms)[0m  [1m[34mSELECT "schema_migrations"."version" FROM "schema_migrations" ORDER BY "schema_migrations"."version" ASC[0m
  ↳ /home/lo/.rvm/gems/ruby-2.5.1/gems/activerecord-5.2.2/lib/active_record/log_subscriber.rb:98
Processing by StaticPagesController#accueil as HTML
  Rendering static_pages/accueil.html.erb within layouts/application
  Rendered static_pages/accueil.html.erb within layouts/application (1.2ms)
Completed 500 Internal Server Error in 22ms (ActiveRecord: 0.0ms)


  
SyntaxError (/home/lo/Documents/COURS/J22/RepJ22_Gossip/app/views/static_pages/accueil.html.erb:20: syntax error, unexpected tIDENTIFIER, expecting keyword_do or '{' or '('
... link_to user_path, Cliquez ici !);@output_buffer.safe_appen...
...                            ^~~
/home/lo/Documents/COURS/J22/RepJ22_Gossip/app/views/static_pages/accueil.html.erb:29: syntax error, unexpected keyword_ensure, expecting ')'
          ensure
          ^~~~~~
/home/lo/Documents/COURS/J22/RepJ22_Gossip/app/views/static_pages/accueil.html.erb:31: syntax error, unexpected keyword_end, expecting ')'
          end
          ^~~):
  
app/views/static_pages/accueil.html.erb:20: syntax error, unexpected tIDENTIFIER, expecting keyword_do or '{' or '('
app/views/static_pages/accueil.html.erb:29: syntax error, unexpected keyword_ensure, expecting ')'
app/views/static_pages/accueil.html.erb:31: syntax error, unexpected keyword_end, expecting ')'
Started GET "/welcome/lo" for 127.0.0.1 at 2019-02-05 19:46:09 +0100
Processing by BienvenueController#user as HTML
  Parameters: {"name"=>"lo"}
  Rendering bienvenue/user.html.erb within layouts/application
  Rendered bienvenue/user.html.erb within layouts/application (0.6ms)
Completed 200 OK in 507ms (Views: 504.6ms | ActiveRecord: 0.0ms)


Started GET "/welcome/lo" for 127.0.0.1 at 2019-02-05 19:46:13 +0100
Processing by BienvenueController#user as HTML
  Parameters: {"name"=>"lo"}
  Rendering bienvenue/user.html.erb within layouts/application
  Rendered bienvenue/user.html.erb within layouts/application (1.1ms)
Completed 200 OK in 77ms (Views: 75.3ms | ActiveRecord: 0.0ms)


Started GET "/" for 127.0.0.1 at 2019-02-05 19:46:23 +0100
Processing by StaticPagesController#accueil as HTML
  Rendering static_pages/accueil.html.erb within layouts/application
  Rendered static_pages/accueil.html.erb within layouts/application (0.9ms)
Completed 500 Internal Server Error in 12ms (ActiveRecord: 0.0ms)


  
SyntaxError (/home/lo/Documents/COURS/J22/RepJ22_Gossip/app/views/static_pages/accueil.html.erb:20: syntax error, unexpected tIDENTIFIER, expecting keyword_do or '{' or '('
...ink_to "user_path", Cliquez ici !);@output_buffer.safe_appen...
...                            ^~~
/home/lo/Documents/COURS/J22/RepJ22_Gossip/app/views/static_pages/accueil.html.erb:29: syntax error, unexpected keyword_ensure, expecting ')'
          ensure
          ^~~~~~
/home/lo/Documents/COURS/J22/RepJ22_Gossip/app/views/static_pages/accueil.html.erb:31: syntax error, unexpected keyword_end, expecting ')'
          end
          ^~~):
  
app/views/static_pages/accueil.html.erb:20: syntax error, unexpected tIDENTIFIER, expecting keyword_do or '{' or '('
app/views/static_pages/accueil.html.erb:29: syntax error, unexpected keyword_ensure, expecting ')'
app/views/static_pages/accueil.html.erb:31: syntax error, unexpected keyword_end, expecting ')'
Started GET "/" for 127.0.0.1 at 2019-02-05 19:56:35 +0100
Processing by StaticPagesController#accueil as HTML
  Rendering static_pages/accueil.html.erb within layouts/application
  [1m[36mPotin Load (4.1ms)[0m  [1m[34mSELECT "potins".* FROM "potins"[0m
  ↳ app/views/static_pages/accueil.html.erb:8
  [1m[36mUser Load (0.6ms)[0m  [1m[34mSELECT  "users".* FROM "users" WHERE "users"."id" = $1 LIMIT $2[0m  [["id", 5], ["LIMIT", 1]]
  ↳ app/views/static_pages/accueil.html.erb:12
  [1m[36mCACHE User Load (0.0ms)[0m  [1m[34mSELECT  "users".* FROM "users" WHERE "users"."id" = $1 LIMIT $2[0m  [["id", 5], ["LIMIT", 1]]
  ↳ app/views/static_pages/accueil.html.erb:12
  [1m[36mCACHE User Load (0.0ms)[0m  [1m[34mSELECT  "users".* FROM "users" WHERE "users"."id" = $1 LIMIT $2[0m  [["id", 5], ["LIMIT", 1]]
  ↳ app/views/static_pages/accueil.html.erb:12
  Rendered static_pages/accueil.html.erb within layouts/application (106.5ms)
Completed 500 Internal Server Error in 110ms (ActiveRecord: 24.8ms)


  
ActionView::Template::Error (No route matches {:action=>"show", :controller=>"user"}, missing required keys: [:id]):
    17:   		<% end %>
    18: 	</div>
    19: 	
    20: 	<div> Tu as un potin à nous raconter ?  <%= link_to "clique ici !", user_path%></div>
    21: 
    22: 
    23: </div>
  
app/views/static_pages/accueil.html.erb:20:in `_app_views_static_pages_accueil_html_erb__1275999883091748512_70195510904240'
Started GET "/" for 127.0.0.1 at 2019-02-05 19:57:48 +0100
Processing by StaticPagesController#accueil as HTML
  Rendering static_pages/accueil.html.erb within layouts/application
  [1m[36mPotin Load (0.5ms)[0m  [1m[34mSELECT "potins".* FROM "potins"[0m
  ↳ app/views/static_pages/accueil.html.erb:8
  [1m[36mUser Load (0.4ms)[0m  [1m[34mSELECT  "users".* FROM "users" WHERE "users"."id" = $1 LIMIT $2[0m  [["id", 5], ["LIMIT", 1]]
  ↳ app/views/static_pages/accueil.html.erb:12
  [1m[36mCACHE User Load (0.0ms)[0m  [1m[34mSELECT  "users".* FROM "users" WHERE "users"."id" = $1 LIMIT $2[0m  [["id", 5], ["LIMIT", 1]]
  ↳ app/views/static_pages/accueil.html.erb:12
  [1m[36mCACHE User Load (0.0ms)[0m  [1m[34mSELECT  "users".* FROM "users" WHERE "users"."id" = $1 LIMIT $2[0m  [["id", 5], ["LIMIT", 1]]
  ↳ app/views/static_pages/accueil.html.erb:12
  Rendered static_pages/accueil.html.erb within layouts/application (19.5ms)
Completed 500 Internal Server Error in 24ms (ActiveRecord: 0.9ms)


  
ActionView::Template::Error (No route matches {:action=>"show", :controller=>"user"}, missing required keys: [:id]):
    17:   		<% end %>
    18: 	</div>
    19: 	
    20: 	<div> Tu as un potin à nous raconter ?  <%= link_to user_path %> 
    21: 	</div>
    22: 
    23: 
  
app/views/static_pages/accueil.html.erb:20:in `_app_views_static_pages_accueil_html_erb__1275999883091748512_47198367594220'
Started GET "/" for 127.0.0.1 at 2019-02-05 19:57:50 +0100
Processing by StaticPagesController#accueil as HTML
  Rendering static_pages/accueil.html.erb within layouts/application
  [1m[36mPotin Load (1.1ms)[0m  [1m[34mSELECT "potins".* FROM "potins"[0m
  ↳ app/views/static_pages/accueil.html.erb:8
  [1m[36mUser Load (0.9ms)[0m  [1m[34mSELECT  "users".* FROM "users" WHERE "users"."id" = $1 LIMIT $2[0m  [["id", 5], ["LIMIT", 1]]
  ↳ app/views/static_pages/accueil.html.erb:12
  [1m[36mCACHE User Load (0.0ms)[0m  [1m[34mSELECT  "users".* FROM "users" WHERE "users"."id" = $1 LIMIT $2[0m  [["id", 5], ["LIMIT", 1]]
  ↳ app/views/static_pages/accueil.html.erb:12
  [1m[36mCACHE User Load (0.0ms)[0m  [1m[34mSELECT  "users".* FROM "users" WHERE "users"."id" = $1 LIMIT $2[0m  [["id", 5], ["LIMIT", 1]]
  ↳ app/views/static_pages/accueil.html.erb:12
  Rendered static_pages/accueil.html.erb within layouts/application (17.4ms)
Completed 500 Internal Server Error in 21ms (ActiveRecord: 2.0ms)


  
ActionView::Template::Error (No route matches {:action=>"show", :controller=>"user"}, missing required keys: [:id]):
    17:   		<% end %>
    18: 	</div>
    19: 	
    20: 	<div> Tu as un potin à nous raconter ?  <%= link_to user_path %> 
    21: 	</div>
    22: 
    23: 
  
app/views/static_pages/accueil.html.erb:20:in `_app_views_static_pages_accueil_html_erb__1275999883091748512_70195536313540'
Started GET "/" for 127.0.0.1 at 2019-02-05 20:07:48 +0100
Processing by StaticPagesController#accueil as HTML
  Rendering static_pages/accueil.html.erb within layouts/application
  Rendered static_pages/accueil.html.erb within layouts/application (1.1ms)
Completed 500 Internal Server Error in 11ms (ActiveRecord: 0.0ms)


  
SyntaxError (/home/lo/Documents/COURS/J22/RepJ22_Gossip/app/views/static_pages/accueil.html.erb:20: syntax error, unexpected tIDENTIFIER, expecting ')'
...append=( link_to user[:id]_path );@output_buffer.safe_append...
...                          ^~~~~):
  
app/views/static_pages/accueil.html.erb:20: syntax error, unexpected tIDENTIFIER, expecting ')'
Started GET "/" for 127.0.0.1 at 2019-02-05 20:09:55 +0100
Processing by StaticPagesController#accueil as HTML
  Rendering static_pages/accueil.html.erb within layouts/application
  [1m[36mPotin Load (1.1ms)[0m  [1m[34mSELECT "potins".* FROM "potins"[0m
  ↳ app/views/static_pages/accueil.html.erb:8
  Rendered static_pages/accueil.html.erb within layouts/application (56.3ms)
Completed 500 Internal Server Error in 60ms (ActiveRecord: 15.8ms)


  
SyntaxError (/home/lo/Documents/COURS/J22/RepJ22_Gossip/app/models/user.rb:4: syntax error, unexpected ':', expecting keyword_end
  validates: email, presence:true, unique...
           ^
/home/lo/Documents/COURS/J22/RepJ22_Gossip/app/models/user.rb:4: Can't assign to true
...alidates: email, presence:true, uniqueness :true
...                              ^
/home/lo/Documents/COURS/J22/RepJ22_Gossip/app/models/user.rb:4: syntax error, unexpected tSYMBEG, expecting keyword_do or '{' or '('
...il, presence:true, uniqueness :true
...                              ^):
  
app/models/user.rb:4: syntax error, unexpected ':', expecting keyword_end
app/models/user.rb:4: Can't assign to true
app/models/user.rb:4: syntax error, unexpected tSYMBEG, expecting keyword_do or '{' or '('
app/views/static_pages/accueil.html.erb:12:in `block in _app_views_static_pages_accueil_html_erb__1275999883091748512_70195443552340'
app/views/static_pages/accueil.html.erb:8:in `_app_views_static_pages_accueil_html_erb__1275999883091748512_70195443552340'
Started GET "/" for 127.0.0.1 at 2019-02-05 20:11:52 +0100
Processing by StaticPagesController#accueil as HTML
  Rendering static_pages/accueil.html.erb within layouts/application
  [1m[36mPotin Load (0.4ms)[0m  [1m[34mSELECT "potins".* FROM "potins"[0m
  ↳ app/views/static_pages/accueil.html.erb:8
  Rendered static_pages/accueil.html.erb within layouts/application (20.7ms)
Completed 500 Internal Server Error in 28ms (ActiveRecord: 5.6ms)


  
SyntaxError (/home/lo/Documents/COURS/J22/RepJ22_Gossip/app/models/user.rb:4: syntax error, unexpected ':', expecting keyword_end
  validates: email, presence:true, unique...
           ^
/home/lo/Documents/COURS/J22/RepJ22_Gossip/app/models/user.rb:4: Can't assign to true
...alidates: email, presence:true, uniqueness :true
...                              ^
/home/lo/Documents/COURS/J22/RepJ22_Gossip/app/models/user.rb:4: syntax error, unexpected tSYMBEG, expecting keyword_do or '{' or '('
...il, presence:true, uniqueness :true
...                              ^
/home/lo/Documents/COURS/J22/RepJ22_Gossip/app/models/user.rb:7: syntax error, unexpected keyword_end, expecting end-of-input):
  
app/models/user.rb:4: syntax error, unexpected ':', expecting keyword_end
app/models/user.rb:4: Can't assign to true
app/models/user.rb:4: syntax error, unexpected tSYMBEG, expecting keyword_do or '{' or '('
app/models/user.rb:7: syntax error, unexpected keyword_end, expecting end-of-input
app/views/static_pages/accueil.html.erb:12:in `block in _app_views_static_pages_accueil_html_erb__1275999883091748512_70195537748940'
app/views/static_pages/accueil.html.erb:8:in `_app_views_static_pages_accueil_html_erb__1275999883091748512_70195537748940'
Started GET "/" for 127.0.0.1 at 2019-02-05 20:12:14 +0100
Processing by StaticPagesController#accueil as HTML
  Rendering static_pages/accueil.html.erb within layouts/application
  [1m[36mPotin Load (0.5ms)[0m  [1m[34mSELECT "potins".* FROM "potins"[0m
  ↳ app/views/static_pages/accueil.html.erb:8
  Rendered static_pages/accueil.html.erb within layouts/application (24.0ms)
Completed 500 Internal Server Error in 34ms (ActiveRecord: 7.8ms)


  
SyntaxError (/home/lo/Documents/COURS/J22/RepJ22_Gossip/app/models/user.rb:4: syntax error, unexpected ':', expecting keyword_end
  validates: email, presence:true, unique...
           ^
/home/lo/Documents/COURS/J22/RepJ22_Gossip/app/models/user.rb:4: Can't assign to true
...alidates: email, presence:true, uniqueness :true
...                              ^
/home/lo/Documents/COURS/J22/RepJ22_Gossip/app/models/user.rb:4: syntax error, unexpected tSYMBEG, expecting keyword_do or '{' or '('
...il, presence:true, uniqueness :true
...                              ^
/home/lo/Documents/COURS/J22/RepJ22_Gossip/app/models/user.rb:7: syntax error, unexpected keyword_end, expecting end-of-input):
  
app/models/user.rb:4: syntax error, unexpected ':', expecting keyword_end
app/models/user.rb:4: Can't assign to true
app/models/user.rb:4: syntax error, unexpected tSYMBEG, expecting keyword_do or '{' or '('
app/models/user.rb:7: syntax error, unexpected keyword_end, expecting end-of-input
app/views/static_pages/accueil.html.erb:12:in `block in _app_views_static_pages_accueil_html_erb__1275999883091748512_70195603478140'
app/views/static_pages/accueil.html.erb:8:in `_app_views_static_pages_accueil_html_erb__1275999883091748512_70195603478140'
Started GET "/" for 127.0.0.1 at 2019-02-05 20:12:45 +0100
Processing by StaticPagesController#accueil as HTML
  Rendering static_pages/accueil.html.erb within layouts/application
  [1m[36mPotin Load (0.5ms)[0m  [1m[34mSELECT "potins".* FROM "potins"[0m
  ↳ app/views/static_pages/accueil.html.erb:8
  Rendered static_pages/accueil.html.erb within layouts/application (20.8ms)
Completed 500 Internal Server Error in 32ms (ActiveRecord: 6.2ms)


  
SyntaxError (/home/lo/Documents/COURS/J22/RepJ22_Gossip/app/models/user.rb:4: syntax error, unexpected ':', expecting keyword_end
  validates: email, 
           ^
/home/lo/Documents/COURS/J22/RepJ22_Gossip/app/models/user.rb:5: Can't assign to true
    presence:true, 
                 ^
/home/lo/Documents/COURS/J22/RepJ22_Gossip/app/models/user.rb:6: syntax error, unexpected tSYMBEG, expecting keyword_do or '{' or '('
    uniqueness :true
               ^
/home/lo/Documents/COURS/J22/RepJ22_Gossip/app/models/user.rb:9: syntax error, unexpected keyword_end, expecting end-of-input):
  
app/models/user.rb:4: syntax error, unexpected ':', expecting keyword_end
app/models/user.rb:5: Can't assign to true
app/models/user.rb:6: syntax error, unexpected tSYMBEG, expecting keyword_do or '{' or '('
app/models/user.rb:9: syntax error, unexpected keyword_end, expecting end-of-input
app/views/static_pages/accueil.html.erb:12:in `block in _app_views_static_pages_accueil_html_erb__1275999883091748512_70195975222580'
app/views/static_pages/accueil.html.erb:8:in `_app_views_static_pages_accueil_html_erb__1275999883091748512_70195975222580'
Started GET "/" for 127.0.0.1 at 2019-02-05 20:13:01 +0100
Processing by StaticPagesController#accueil as HTML
  Rendering static_pages/accueil.html.erb within layouts/application
  [1m[36mPotin Load (0.7ms)[0m  [1m[34mSELECT "potins".* FROM "potins"[0m
  ↳ app/views/static_pages/accueil.html.erb:8
  Rendered static_pages/accueil.html.erb within layouts/application (22.1ms)
Completed 500 Internal Server Error in 35ms (ActiveRecord: 5.9ms)


  
SyntaxError (/home/lo/Documents/COURS/J22/RepJ22_Gossip/app/models/user.rb:4: syntax error, unexpected ':', expecting keyword_end
  validates: email, 
           ^
/home/lo/Documents/COURS/J22/RepJ22_Gossip/app/models/user.rb:5: Can't assign to true
    presence:true, 
                 ^
/home/lo/Documents/COURS/J22/RepJ22_Gossip/app/models/user.rb:6: syntax error, unexpected tSYMBEG, expecting keyword_do or '{' or '('
    uniqueness :true
               ^
/home/lo/Documents/COURS/J22/RepJ22_Gossip/app/models/user.rb:9: syntax error, unexpected keyword_end, expecting end-of-input):
  
app/models/user.rb:4: syntax error, unexpected ':', expecting keyword_end
app/models/user.rb:5: Can't assign to true
app/models/user.rb:6: syntax error, unexpected tSYMBEG, expecting keyword_do or '{' or '('
app/models/user.rb:9: syntax error, unexpected keyword_end, expecting end-of-input
app/views/static_pages/accueil.html.erb:12:in `block in _app_views_static_pages_accueil_html_erb__1275999883091748512_70195537767060'
app/views/static_pages/accueil.html.erb:8:in `_app_views_static_pages_accueil_html_erb__1275999883091748512_70195537767060'
Started GET "/" for 127.0.0.1 at 2019-02-05 20:15:47 +0100
Processing by StaticPagesController#accueil as HTML
  Rendering static_pages/accueil.html.erb within layouts/application
  [1m[36mPotin Load (1.4ms)[0m  [1m[34mSELECT "potins".* FROM "potins"[0m
  ↳ app/views/static_pages/accueil.html.erb:8
  Rendered static_pages/accueil.html.erb within layouts/application (27.1ms)
Completed 500 Internal Server Error in 31ms (ActiveRecord: 1.4ms)


  
SyntaxError (/home/lo/Documents/COURS/J22/RepJ22_Gossip/app/models/user.rb:4: syntax error, unexpected ':', expecting keyword_end
  validates: email, 
           ^
/home/lo/Documents/COURS/J22/RepJ22_Gossip/app/models/user.rb:5: Can't assign to true
    presence:true, 
                 ^
/home/lo/Documents/COURS/J22/RepJ22_Gossip/app/models/user.rb:6: syntax error, unexpected tSYMBEG, expecting keyword_do or '{' or '('
    uniqueness :true
               ^
/home/lo/Documents/COURS/J22/RepJ22_Gossip/app/models/user.rb:9: syntax error, unexpected keyword_end, expecting end-of-input):
  
app/models/user.rb:4: syntax error, unexpected ':', expecting keyword_end
app/models/user.rb:5: Can't assign to true
app/models/user.rb:6: syntax error, unexpected tSYMBEG, expecting keyword_do or '{' or '('
app/models/user.rb:9: syntax error, unexpected keyword_end, expecting end-of-input
app/views/static_pages/accueil.html.erb:12:in `block in _app_views_static_pages_accueil_html_erb__1275999883091748512_70195838465080'
app/views/static_pages/accueil.html.erb:8:in `_app_views_static_pages_accueil_html_erb__1275999883091748512_70195838465080'
Started GET "/" for 127.0.0.1 at 2019-02-05 20:15:49 +0100
Processing by StaticPagesController#accueil as HTML
  Rendering static_pages/accueil.html.erb within layouts/application
  [1m[36mPotin Load (1.3ms)[0m  [1m[34mSELECT "potins".* FROM "potins"[0m
  ↳ app/views/static_pages/accueil.html.erb:8
  Rendered static_pages/accueil.html.erb within layouts/application (7.1ms)
Completed 500 Internal Server Error in 11ms (ActiveRecord: 1.3ms)


  
SyntaxError (/home/lo/Documents/COURS/J22/RepJ22_Gossip/app/models/user.rb:4: syntax error, unexpected ':', expecting keyword_end
  validates: email, 
           ^
/home/lo/Documents/COURS/J22/RepJ22_Gossip/app/models/user.rb:5: Can't assign to true
    presence:true, 
                 ^
/home/lo/Documents/COURS/J22/RepJ22_Gossip/app/models/user.rb:6: syntax error, unexpected tSYMBEG, expecting keyword_do or '{' or '('
    uniqueness :true
               ^
/home/lo/Documents/COURS/J22/RepJ22_Gossip/app/models/user.rb:9: syntax error, unexpected keyword_end, expecting end-of-input):
  
app/models/user.rb:4: syntax error, unexpected ':', expecting keyword_end
app/models/user.rb:5: Can't assign to true
app/models/user.rb:6: syntax error, unexpected tSYMBEG, expecting keyword_do or '{' or '('
app/models/user.rb:9: syntax error, unexpected keyword_end, expecting end-of-input
app/views/static_pages/accueil.html.erb:12:in `block in _app_views_static_pages_accueil_html_erb__1275999883091748512_70195443963000'
app/views/static_pages/accueil.html.erb:8:in `_app_views_static_pages_accueil_html_erb__1275999883091748512_70195443963000'
Started GET "/" for 127.0.0.1 at 2019-02-05 20:16:49 +0100
Processing by StaticPagesController#accueil as HTML
  Rendering static_pages/accueil.html.erb within layouts/application
  [1m[36mPotin Load (0.5ms)[0m  [1m[34mSELECT "potins".* FROM "potins"[0m
  ↳ app/views/static_pages/accueil.html.erb:8
  Rendered static_pages/accueil.html.erb within layouts/application (21.4ms)
Completed 500 Internal Server Error in 30ms (ActiveRecord: 5.2ms)


  
SyntaxError (/home/lo/Documents/COURS/J22/RepJ22_Gossip/app/models/user.rb:4: syntax error, unexpected ':', expecting keyword_end
  validates: email presence:true, uniquen...
           ^
/home/lo/Documents/COURS/J22/RepJ22_Gossip/app/models/user.rb:4: syntax error, unexpected tSYMBEG, expecting keyword_do or '{' or '('
...ail presence:true, uniqueness :true
...                              ^
/home/lo/Documents/COURS/J22/RepJ22_Gossip/app/models/user.rb:7: syntax error, unexpected keyword_end, expecting end-of-input):
  
app/models/user.rb:4: syntax error, unexpected ':', expecting keyword_end
app/models/user.rb:4: syntax error, unexpected tSYMBEG, expecting keyword_do or '{' or '('
app/models/user.rb:7: syntax error, unexpected keyword_end, expecting end-of-input
app/views/static_pages/accueil.html.erb:12:in `block in _app_views_static_pages_accueil_html_erb__1275999883091748512_70195446635620'
app/views/static_pages/accueil.html.erb:8:in `_app_views_static_pages_accueil_html_erb__1275999883091748512_70195446635620'
Started GET "/" for 127.0.0.1 at 2019-02-05 20:17:22 +0100
Processing by StaticPagesController#accueil as HTML
  Rendering static_pages/accueil.html.erb within layouts/application
  [1m[36mPotin Load (0.4ms)[0m  [1m[34mSELECT "potins".* FROM "potins"[0m
  ↳ app/views/static_pages/accueil.html.erb:8
  Rendered static_pages/accueil.html.erb within layouts/application (20.1ms)
Completed 500 Internal Server Error in 29ms (ActiveRecord: 6.2ms)


  
SyntaxError (/home/lo/Documents/COURS/J22/RepJ22_Gossip/app/models/user.rb:4: syntax error, unexpected ':', expecting keyword_end
  validates: email do
           ^
/home/lo/Documents/COURS/J22/RepJ22_Gossip/app/models/user.rb:5: syntax error, unexpected tSYMBEG, expecting keyword_do or '{' or '('
    presence:true, uniqueness :true
                              ^
/home/lo/Documents/COURS/J22/RepJ22_Gossip/app/models/user.rb:8: syntax error, unexpected keyword_end, expecting end-of-input):
  
app/models/user.rb:4: syntax error, unexpected ':', expecting keyword_end
app/models/user.rb:5: syntax error, unexpected tSYMBEG, expecting keyword_do or '{' or '('
app/models/user.rb:8: syntax error, unexpected keyword_end, expecting end-of-input
app/views/static_pages/accueil.html.erb:12:in `block in _app_views_static_pages_accueil_html_erb__1275999883091748512_70195975374380'
app/views/static_pages/accueil.html.erb:8:in `_app_views_static_pages_accueil_html_erb__1275999883091748512_70195975374380'
Started GET "/" for 127.0.0.1 at 2019-02-05 20:18:20 +0100
Processing by StaticPagesController#accueil as HTML
  Rendering static_pages/accueil.html.erb within layouts/application
  [1m[36mPotin Load (0.5ms)[0m  [1m[34mSELECT "potins".* FROM "potins"[0m
  ↳ app/views/static_pages/accueil.html.erb:8
  Rendered static_pages/accueil.html.erb within layouts/application (21.1ms)
Completed 500 Internal Server Error in 29ms (ActiveRecord: 5.7ms)


  
SyntaxError (/home/lo/Documents/COURS/J22/RepJ22_Gossip/app/models/user.rb:4: syntax error, unexpected ':', expecting =>
...l, presence: true, uniqueness : true
...                              ^
/home/lo/Documents/COURS/J22/RepJ22_Gossip/app/models/user.rb:6: syntax error, unexpected keyword_end, expecting end-of-input):
  
app/models/user.rb:4: syntax error, unexpected ':', expecting =>
app/models/user.rb:6: syntax error, unexpected keyword_end, expecting end-of-input
app/views/static_pages/accueil.html.erb:12:in `block in _app_views_static_pages_accueil_html_erb__1275999883091748512_70195603637860'
app/views/static_pages/accueil.html.erb:8:in `_app_views_static_pages_accueil_html_erb__1275999883091748512_70195603637860'
Started GET "/" for 127.0.0.1 at 2019-02-05 20:19:00 +0100
Processing by StaticPagesController#accueil as HTML
  Rendering static_pages/accueil.html.erb within layouts/application
  [1m[36mPotin Load (0.4ms)[0m  [1m[34mSELECT "potins".* FROM "potins"[0m
  ↳ app/views/static_pages/accueil.html.erb:8
  Rendered static_pages/accueil.html.erb within layouts/application (20.9ms)
Completed 500 Internal Server Error in 32ms (ActiveRecord: 5.2ms)


  
SyntaxError (/home/lo/Documents/COURS/J22/RepJ22_Gossip/app/models/user.rb:4: syntax error, unexpected tSYMBEG, expecting keyword_do or '{' or '('
  validates :email, presence :true, uniqueness :true
                             ^
/home/lo/Documents/COURS/J22/RepJ22_Gossip/app/models/user.rb:6: syntax error, unexpected keyword_end, expecting end-of-input):
  
app/models/user.rb:4: syntax error, unexpected tSYMBEG, expecting keyword_do or '{' or '('
app/models/user.rb:6: syntax error, unexpected keyword_end, expecting end-of-input
app/views/static_pages/accueil.html.erb:12:in `block in _app_views_static_pages_accueil_html_erb__1275999883091748512_70195443806380'
app/views/static_pages/accueil.html.erb:8:in `_app_views_static_pages_accueil_html_erb__1275999883091748512_70195443806380'
Started GET "/" for 127.0.0.1 at 2019-02-05 20:20:55 +0100
Processing by StaticPagesController#accueil as HTML
  Rendering static_pages/accueil.html.erb within layouts/application
  [1m[36mPotin Load (0.5ms)[0m  [1m[34mSELECT "potins".* FROM "potins"[0m
  ↳ app/views/static_pages/accueil.html.erb:8
  Rendered static_pages/accueil.html.erb within layouts/application (24.3ms)
Completed 500 Internal Server Error in 34ms (ActiveRecord: 5.1ms)


  
SyntaxError (/home/lo/Documents/COURS/J22/RepJ22_Gossip/app/models/user.rb:6: syntax error, unexpected keyword_end, expecting end-of-input):
  
app/models/user.rb:6: syntax error, unexpected keyword_end, expecting end-of-input
app/views/static_pages/accueil.html.erb:12:in `block in _app_views_static_pages_accueil_html_erb__1275999883091748512_70195509953560'
app/views/static_pages/accueil.html.erb:8:in `_app_views_static_pages_accueil_html_erb__1275999883091748512_70195509953560'
Started GET "/" for 127.0.0.1 at 2019-02-05 20:21:08 +0100
Processing by StaticPagesController#accueil as HTML
  Rendering static_pages/accueil.html.erb within layouts/application
  [1m[36mPotin Load (0.5ms)[0m  [1m[34mSELECT "potins".* FROM "potins"[0m
  ↳ app/views/static_pages/accueil.html.erb:8
  Rendered static_pages/accueil.html.erb within layouts/application (19.5ms)
Completed 500 Internal Server Error in 32ms (ActiveRecord: 5.4ms)


  
SyntaxError (/home/lo/Documents/COURS/J22/RepJ22_Gossip/app/models/user.rb:7: syntax error, unexpected keyword_end, expecting end-of-input):
  
app/models/user.rb:7: syntax error, unexpected keyword_end, expecting end-of-input
app/views/static_pages/accueil.html.erb:12:in `block in _app_views_static_pages_accueil_html_erb__1275999883091748512_70195538959420'
app/views/static_pages/accueil.html.erb:8:in `_app_views_static_pages_accueil_html_erb__1275999883091748512_70195538959420'
Started GET "/" for 127.0.0.1 at 2019-02-05 20:21:20 +0100
Processing by StaticPagesController#accueil as HTML
  Rendering static_pages/accueil.html.erb within layouts/application
  [1m[36mPotin Load (0.5ms)[0m  [1m[34mSELECT "potins".* FROM "potins"[0m
  ↳ app/views/static_pages/accueil.html.erb:8
  [1m[36mUser Load (0.9ms)[0m  [1m[34mSELECT  "users".* FROM "users" WHERE "users"."id" = $1 LIMIT $2[0m  [["id", 5], ["LIMIT", 1]]
  ↳ app/views/static_pages/accueil.html.erb:12
  [1m[36mCACHE User Load (0.0ms)[0m  [1m[34mSELECT  "users".* FROM "users" WHERE "users"."id" = $1 LIMIT $2[0m  [["id", 5], ["LIMIT", 1]]
  ↳ app/views/static_pages/accueil.html.erb:12
  [1m[36mCACHE User Load (0.0ms)[0m  [1m[34mSELECT  "users".* FROM "users" WHERE "users"."id" = $1 LIMIT $2[0m  [["id", 5], ["LIMIT", 1]]
  ↳ app/views/static_pages/accueil.html.erb:12
  Rendered static_pages/accueil.html.erb within layouts/application (58.9ms)
Completed 500 Internal Server Error in 67ms (ActiveRecord: 10.6ms)


  
ActionView::Template::Error (No route matches {:action=>"show", :controller=>"user"}, missing required keys: [:id]):
    17:   		<% end %>
    18: 	</div>
    19: 	
    20: 	<div> Tu as un potin à nous raconter ?  <%= link_to user_path %> 
    21: 	</div>
    22: 
    23: 
  
app/views/static_pages/accueil.html.erb:20:in `_app_views_static_pages_accueil_html_erb__1275999883091748512_70195975503380'
Started GET "/" for 127.0.0.1 at 2019-02-05 20:26:19 +0100
Processing by StaticPagesController#accueil as HTML
  Rendering static_pages/accueil.html.erb within layouts/application
  [1m[36mPotin Load (0.5ms)[0m  [1m[34mSELECT "potins".* FROM "potins"[0m
  ↳ app/views/static_pages/accueil.html.erb:8
  [1m[36mUser Load (1.1ms)[0m  [1m[34mSELECT  "users".* FROM "users" WHERE "users"."id" = $1 LIMIT $2[0m  [["id", 5], ["LIMIT", 1]]
  ↳ app/views/static_pages/accueil.html.erb:12
  [1m[36mCACHE User Load (0.0ms)[0m  [1m[34mSELECT  "users".* FROM "users" WHERE "users"."id" = $1 LIMIT $2[0m  [["id", 5], ["LIMIT", 1]]
  ↳ app/views/static_pages/accueil.html.erb:12
  [1m[36mCACHE User Load (0.0ms)[0m  [1m[34mSELECT  "users".* FROM "users" WHERE "users"."id" = $1 LIMIT $2[0m  [["id", 5], ["LIMIT", 1]]
  ↳ app/views/static_pages/accueil.html.erb:12
  Rendered static_pages/accueil.html.erb within layouts/application (490.3ms)
Completed 500 Internal Server Error in 495ms (ActiveRecord: 1.7ms)


  
ActionView::Template::Error (undefined local variable or method `user' for #<#<Class:0x00007faf8c5e72c8>:0x00007faf8c5ecdb8>):
    17:   		<% end %>
    18: 	</div>
    19: 	
    20: 	<div> Tu as un potin à nous raconter ?  <%= link_to user_path(user.id) %> 
    21: 	</div>
    22: 
    23: 
  
app/views/static_pages/accueil.html.erb:20:in `_app_views_static_pages_accueil_html_erb__1275999883091748512_70195975517360'
Started GET "/" for 127.0.0.1 at 2019-02-05 20:26:23 +0100
Processing by StaticPagesController#accueil as HTML
  Rendering static_pages/accueil.html.erb within layouts/application
  [1m[36mPotin Load (2.5ms)[0m  [1m[34mSELECT "potins".* FROM "potins"[0m
  ↳ app/views/static_pages/accueil.html.erb:8
  [1m[36mUser Load (0.6ms)[0m  [1m[34mSELECT  "users".* FROM "users" WHERE "users"."id" = $1 LIMIT $2[0m  [["id", 5], ["LIMIT", 1]]
  ↳ app/views/static_pages/accueil.html.erb:12
  [1m[36mCACHE User Load (0.0ms)[0m  [1m[34mSELECT  "users".* FROM "users" WHERE "users"."id" = $1 LIMIT $2[0m  [["id", 5], ["LIMIT", 1]]
  ↳ app/views/static_pages/accueil.html.erb:12
  [1m[36mCACHE User Load (0.0ms)[0m  [1m[34mSELECT  "users".* FROM "users" WHERE "users"."id" = $1 LIMIT $2[0m  [["id", 5], ["LIMIT", 1]]
  ↳ app/views/static_pages/accueil.html.erb:12
  Rendered static_pages/accueil.html.erb within layouts/application (708.4ms)
Completed 500 Internal Server Error in 712ms (ActiveRecord: 3.2ms)


  
ActionView::Template::Error (undefined local variable or method `user' for #<#<Class:0x00007faf8c5e72c8>:0x00007faf7c056300>):
    17:   		<% end %>
    18: 	</div>
    19: 	
    20: 	<div> Tu as un potin à nous raconter ?  <%= link_to user_path(user.id) %> 
    21: 	</div>
    22: 
    23: 
  
app/views/static_pages/accueil.html.erb:20:in `_app_views_static_pages_accueil_html_erb__1275999883091748512_70195838367260'
Started GET "/" for 127.0.0.1 at 2019-02-05 20:29:28 +0100
Processing by StaticPagesController#accueil as HTML
  Rendering static_pages/accueil.html.erb within layouts/application
  [1m[36mPotin Load (1.5ms)[0m  [1m[34mSELECT "potins".* FROM "potins"[0m
  ↳ app/views/static_pages/accueil.html.erb:8
  [1m[36mUser Load (0.7ms)[0m  [1m[34mSELECT  "users".* FROM "users" WHERE "users"."id" = $1 LIMIT $2[0m  [["id", 5], ["LIMIT", 1]]
  ↳ app/views/static_pages/accueil.html.erb:12
  [1m[36mCACHE User Load (0.0ms)[0m  [1m[34mSELECT  "users".* FROM "users" WHERE "users"."id" = $1 LIMIT $2[0m  [["id", 5], ["LIMIT", 1]]
  ↳ app/views/static_pages/accueil.html.erb:12
  [1m[36mCACHE User Load (0.0ms)[0m  [1m[34mSELECT  "users".* FROM "users" WHERE "users"."id" = $1 LIMIT $2[0m  [["id", 5], ["LIMIT", 1]]
  ↳ app/views/static_pages/accueil.html.erb:12
  Rendered static_pages/accueil.html.erb within layouts/application (557.7ms)
Completed 500 Internal Server Error in 562ms (ActiveRecord: 2.2ms)


  
ActionView::Template::Error (undefined local variable or method `user' for #<#<Class:0x00007faf8c5e72c8>:0x00007faf8c5bc7a8>):
    17:   		<% end %>
    18: 	</div>
    19: 	
    20: 	<div> Tu as un potin à nous raconter ?  <%= link_to user_path(user/:id), :class => "link"%>> 
    21: 	</div>
    22: 
    23: 
  
app/views/static_pages/accueil.html.erb:20:in `_app_views_static_pages_accueil_html_erb__1275999883091748512_70195975416060'
Started GET "/" for 127.0.0.1 at 2019-02-05 20:31:09 +0100
Processing by StaticPagesController#accueil as HTML
  Rendering static_pages/accueil.html.erb within layouts/application
  Rendered static_pages/accueil.html.erb within layouts/application (2.4ms)
Completed 500 Internal Server Error in 7ms (ActiveRecord: 0.0ms)


  
SyntaxError (/home/lo/Documents/COURS/J22/RepJ22_Gossip/app/views/static_pages/accueil.html.erb:20: syntax error, unexpected tIDENTIFIER, expecting ')'
... link_to "Clique ici" user_path(user.id), :class => "link");...
...                      ^~~~~~~~~
/home/lo/Documents/COURS/J22/RepJ22_Gossip/app/views/static_pages/accueil.html.erb:20: syntax error, unexpected ',', expecting ')'
...Clique ici" user_path(user.id), :class => "link");@output_bu...
...                              ^):
  
app/views/static_pages/accueil.html.erb:20: syntax error, unexpected tIDENTIFIER, expecting ')'
app/views/static_pages/accueil.html.erb:20: syntax error, unexpected ',', expecting ')'
Started GET "/" for 127.0.0.1 at 2019-02-05 20:31:39 +0100
Processing by StaticPagesController#accueil as HTML
  Rendering static_pages/accueil.html.erb within layouts/application
  Rendered static_pages/accueil.html.erb within layouts/application (1.6ms)
Completed 500 Internal Server Error in 7ms (ActiveRecord: 0.0ms)


  
SyntaxError (/home/lo/Documents/COURS/J22/RepJ22_Gossip/app/views/static_pages/accueil.html.erb:20: syntax error, unexpected ':', expecting ')'
...r_path(user.id), "clique ici" :class => "link");@output_buff...
...                              ^):
  
app/views/static_pages/accueil.html.erb:20: syntax error, unexpected ':', expecting ')'
Started GET "/" for 127.0.0.1 at 2019-02-05 20:33:20 +0100
Processing by StaticPagesController#accueil as HTML
  Rendering static_pages/accueil.html.erb within layouts/application
  Rendered static_pages/accueil.html.erb within layouts/application (1.5ms)
Completed 500 Internal Server Error in 6ms (ActiveRecord: 0.0ms)


  
SyntaxError (/home/lo/Documents/COURS/J22/RepJ22_Gossip/app/views/static_pages/accueil.html.erb:20: syntax error, unexpected tIDENTIFIER, expecting ')'
... link_to "clique ici" user_path(user.id), :class => "link");...
...                      ^~~~~~~~~
/home/lo/Documents/COURS/J22/RepJ22_Gossip/app/views/static_pages/accueil.html.erb:20: syntax error, unexpected ',', expecting ')'
...clique ici" user_path(user.id), :class => "link");@output_bu...
...                              ^):
  
app/views/static_pages/accueil.html.erb:20: syntax error, unexpected tIDENTIFIER, expecting ')'
app/views/static_pages/accueil.html.erb:20: syntax error, unexpected ',', expecting ')'
Started GET "/" for 127.0.0.1 at 2019-02-05 20:34:00 +0100
Processing by StaticPagesController#accueil as HTML
  Rendering static_pages/accueil.html.erb within layouts/application
  Rendered static_pages/accueil.html.erb within layouts/application (1.1ms)
Completed 500 Internal Server Error in 5ms (ActiveRecord: 0.0ms)


  
SyntaxError (/home/lo/Documents/COURS/J22/RepJ22_Gossip/app/views/static_pages/accueil.html.erb:20: syntax error, unexpected tIDENTIFIER, expecting ')'
... link_to "clique ici" user_path(user.id) );@output_buffer.sa...
...                      ^~~~~~~~~):
  
app/views/static_pages/accueil.html.erb:20: syntax error, unexpected tIDENTIFIER, expecting ')'
Started GET "/" for 127.0.0.1 at 2019-02-05 20:34:45 +0100
Processing by StaticPagesController#accueil as HTML
  Rendering static_pages/accueil.html.erb within layouts/application
  Rendered static_pages/accueil.html.erb within layouts/application (1.4ms)
Completed 500 Internal Server Error in 5ms (ActiveRecord: 0.0ms)


  
SyntaxError (/home/lo/Documents/COURS/J22/RepJ22_Gossip/app/views/static_pages/accueil.html.erb:20: syntax error, unexpected tIDENTIFIER, expecting ')'
... link_to "clique ici" user_path(user:id) );@output_buffer.sa...
...                      ^~~~~~~~~):
  
app/views/static_pages/accueil.html.erb:20: syntax error, unexpected tIDENTIFIER, expecting ')'
Started GET "/" for 127.0.0.1 at 2019-02-05 20:34:47 +0100
Processing by StaticPagesController#accueil as HTML
  Rendering static_pages/accueil.html.erb within layouts/application
  Rendered static_pages/accueil.html.erb within layouts/application (1.3ms)
Completed 500 Internal Server Error in 6ms (ActiveRecord: 0.0ms)


  
SyntaxError (/home/lo/Documents/COURS/J22/RepJ22_Gossip/app/views/static_pages/accueil.html.erb:20: syntax error, unexpected tIDENTIFIER, expecting ')'
... link_to "clique ici" user_path(user:id) );@output_buffer.sa...
...                      ^~~~~~~~~):
  
app/views/static_pages/accueil.html.erb:20: syntax error, unexpected tIDENTIFIER, expecting ')'
Started GET "/" for 127.0.0.1 at 2019-02-05 20:35:51 +0100
Processing by StaticPagesController#accueil as HTML
  Rendering static_pages/accueil.html.erb within layouts/application
  [1m[36mPotin Load (1.2ms)[0m  [1m[34mSELECT "potins".* FROM "potins"[0m
  ↳ app/views/static_pages/accueil.html.erb:8
  [1m[36mUser Load (0.8ms)[0m  [1m[34mSELECT  "users".* FROM "users" WHERE "users"."id" = $1 LIMIT $2[0m  [["id", 5], ["LIMIT", 1]]
  ↳ app/views/static_pages/accueil.html.erb:12
  [1m[36mCACHE User Load (0.7ms)[0m  [1m[34mSELECT  "users".* FROM "users" WHERE "users"."id" = $1 LIMIT $2[0m  [["id", 5], ["LIMIT", 1]]
  ↳ app/views/static_pages/accueil.html.erb:12
  [1m[36mCACHE User Load (0.0ms)[0m  [1m[34mSELECT  "users".* FROM "users" WHERE "users"."id" = $1 LIMIT $2[0m  [["id", 5], ["LIMIT", 1]]
  ↳ app/views/static_pages/accueil.html.erb:12
  Rendered static_pages/accueil.html.erb within layouts/application (507.6ms)
Completed 500 Internal Server Error in 512ms (ActiveRecord: 2.8ms)


  
ActionView::Template::Error (undefined local variable or method `user' for #<#<Class:0x00007faf8c5e72c8>:0x00007faf8c677710>):
    18: 	</div>
    19: 	
    20: 	<div> Tu as un potin à nous raconter ? </div>
    21: 	<%= link_to user_path(user/:id) %>> 
    22: 	</div>
    23: 
    24: 
  
app/views/static_pages/accueil.html.erb:21:in `_app_views_static_pages_accueil_html_erb__1275999883091748512_70195510690060'
Started GET "/" for 127.0.0.1 at 2019-02-05 20:36:29 +0100
Processing by StaticPagesController#accueil as HTML
  Rendering static_pages/accueil.html.erb within layouts/application
  [1m[36mPotin Load (0.5ms)[0m  [1m[34mSELECT "potins".* FROM "potins"[0m
  ↳ app/views/static_pages/accueil.html.erb:8
  [1m[36mUser Load (0.5ms)[0m  [1m[34mSELECT  "users".* FROM "users" WHERE "users"."id" = $1 LIMIT $2[0m  [["id", 5], ["LIMIT", 1]]
  ↳ app/views/static_pages/accueil.html.erb:12
  [1m[36mCACHE User Load (0.0ms)[0m  [1m[34mSELECT  "users".* FROM "users" WHERE "users"."id" = $1 LIMIT $2[0m  [["id", 5], ["LIMIT", 1]]
  ↳ app/views/static_pages/accueil.html.erb:12
  [1m[36mCACHE User Load (0.0ms)[0m  [1m[34mSELECT  "users".* FROM "users" WHERE "users"."id" = $1 LIMIT $2[0m  [["id", 5], ["LIMIT", 1]]
  ↳ app/views/static_pages/accueil.html.erb:12
  Rendered static_pages/accueil.html.erb within layouts/application (436.5ms)
Completed 500 Internal Server Error in 440ms (ActiveRecord: 1.1ms)


  
ActionView::Template::Error (undefined local variable or method `user' for #<#<Class:0x00007faf8c5e72c8>:0x00007faf54bfd618>):
    18: 	</div>
    19: 	
    20: 	<div> Tu as un potin à nous raconter ? </div>
    21: 	<div>	<%= link_to user_path(user/:id) %>> 
    22: 	</div>
    23: 
    24: 
  
app/views/static_pages/accueil.html.erb:21:in `_app_views_static_pages_accueil_html_erb__1275999883091748512_70195508938620'
Started GET "/" for 127.0.0.1 at 2019-02-05 20:36:54 +0100
Processing by StaticPagesController#accueil as HTML
  Rendering static_pages/accueil.html.erb within layouts/application
  [1m[36mPotin Load (0.8ms)[0m  [1m[34mSELECT "potins".* FROM "potins"[0m
  ↳ app/views/static_pages/accueil.html.erb:8
  [1m[36mUser Load (1.2ms)[0m  [1m[34mSELECT  "users".* FROM "users" WHERE "users"."id" = $1 LIMIT $2[0m  [["id", 5], ["LIMIT", 1]]
  ↳ app/views/static_pages/accueil.html.erb:12
  [1m[36mCACHE User Load (0.0ms)[0m  [1m[34mSELECT  "users".* FROM "users" WHERE "users"."id" = $1 LIMIT $2[0m  [["id", 5], ["LIMIT", 1]]
  ↳ app/views/static_pages/accueil.html.erb:12
  [1m[36mCACHE User Load (0.0ms)[0m  [1m[34mSELECT  "users".* FROM "users" WHERE "users"."id" = $1 LIMIT $2[0m  [["id", 5], ["LIMIT", 1]]
  ↳ app/views/static_pages/accueil.html.erb:12
  Rendered static_pages/accueil.html.erb within layouts/application (586.0ms)
Completed 500 Internal Server Error in 591ms (ActiveRecord: 2.1ms)


  
ActionView::Template::Error (undefined local variable or method `user' for #<#<Class:0x00007faf8c5e72c8>:0x00007faf8c663030>):
    19: 	
    20: 	<div> Tu as un potin à nous raconter ? </div>
    21: 	<div>	
    22: 	<%= link_to user_path(user/:id) %>> 
    23: 	</div>
    24: 
    25: 
  
app/views/static_pages/accueil.html.erb:22:in `_app_views_static_pages_accueil_html_erb__1275999883091748512_70195975757200'
Started GET "/" for 127.0.0.1 at 2019-02-05 20:40:36 +0100
Processing by StaticPagesController#accueil as HTML
  Rendering static_pages/accueil.html.erb within layouts/application
  [1m[36mPotin Load (2.9ms)[0m  [1m[34mSELECT "potins".* FROM "potins"[0m
  ↳ app/views/static_pages/accueil.html.erb:8
  [1m[36mUser Load (0.3ms)[0m  [1m[34mSELECT  "users".* FROM "users" WHERE "users"."id" = $1 LIMIT $2[0m  [["id", 5], ["LIMIT", 1]]
  ↳ app/views/static_pages/accueil.html.erb:12
  [1m[36mCACHE User Load (0.0ms)[0m  [1m[34mSELECT  "users".* FROM "users" WHERE "users"."id" = $1 LIMIT $2[0m  [["id", 5], ["LIMIT", 1]]
  ↳ app/views/static_pages/accueil.html.erb:12
  [1m[36mCACHE User Load (0.0ms)[0m  [1m[34mSELECT  "users".* FROM "users" WHERE "users"."id" = $1 LIMIT $2[0m  [["id", 5], ["LIMIT", 1]]
  ↳ app/views/static_pages/accueil.html.erb:12
  Rendered static_pages/accueil.html.erb within layouts/application (8.7ms)
Completed 200 OK in 47ms (Views: 42.4ms | ActiveRecord: 3.3ms)


Started GET "/user" for 127.0.0.1 at 2019-02-05 20:40:49 +0100
  
ActionController::RoutingError (No route matches [GET] "/user"):
  
actionpack (5.2.2) lib/action_dispatch/middleware/debug_exceptions.rb:65:in `call'
web-console (3.7.0) lib/web_console/middleware.rb:135:in `call_app'
web-console (3.7.0) lib/web_console/middleware.rb:30:in `block in call'
web-console (3.7.0) lib/web_console/middleware.rb:20:in `catch'
web-console (3.7.0) lib/web_console/middleware.rb:20:in `call'
actionpack (5.2.2) lib/action_dispatch/middleware/show_exceptions.rb:33:in `call'
railties (5.2.2) lib/rails/rack/logger.rb:38:in `call_app'
railties (5.2.2) lib/rails/rack/logger.rb:26:in `block in call'
activesupport (5.2.2) lib/active_support/tagged_logging.rb:71:in `block in tagged'
activesupport (5.2.2) lib/active_support/tagged_logging.rb:28:in `tagged'
activesupport (5.2.2) lib/active_support/tagged_logging.rb:71:in `tagged'
railties (5.2.2) lib/rails/rack/logger.rb:26:in `call'
sprockets-rails (3.2.1) lib/sprockets/rails/quiet_assets.rb:13:in `call'
actionpack (5.2.2) lib/action_dispatch/middleware/remote_ip.rb:81:in `call'
actionpack (5.2.2) lib/action_dispatch/middleware/request_id.rb:27:in `call'
rack (2.0.6) lib/rack/method_override.rb:22:in `call'
rack (2.0.6) lib/rack/runtime.rb:22:in `call'
activesupport (5.2.2) lib/active_support/cache/strategy/local_cache_middleware.rb:29:in `call'
actionpack (5.2.2) lib/action_dispatch/middleware/executor.rb:14:in `call'
actionpack (5.2.2) lib/action_dispatch/middleware/static.rb:127:in `call'
rack (2.0.6) lib/rack/sendfile.rb:111:in `call'
railties (5.2.2) lib/rails/engine.rb:524:in `call'
puma (3.12.0) lib/puma/configuration.rb:225:in `call'
puma (3.12.0) lib/puma/server.rb:658:in `handle_request'
puma (3.12.0) lib/puma/server.rb:472:in `process_client'
puma (3.12.0) lib/puma/server.rb:332:in `block in run'
puma (3.12.0) lib/puma/thread_pool.rb:133:in `block in spawn_thread'
Started GET "/" for 127.0.0.1 at 2019-02-05 20:40:53 +0100
Processing by StaticPagesController#accueil as HTML
  Rendering static_pages/accueil.html.erb within layouts/application
  [1m[36mPotin Load (0.4ms)[0m  [1m[34mSELECT "potins".* FROM "potins"[0m
  ↳ app/views/static_pages/accueil.html.erb:8
  [1m[36mUser Load (0.3ms)[0m  [1m[34mSELECT  "users".* FROM "users" WHERE "users"."id" = $1 LIMIT $2[0m  [["id", 5], ["LIMIT", 1]]
  ↳ app/views/static_pages/accueil.html.erb:12
  [1m[36mCACHE User Load (0.0ms)[0m  [1m[34mSELECT  "users".* FROM "users" WHERE "users"."id" = $1 LIMIT $2[0m  [["id", 5], ["LIMIT", 1]]
  ↳ app/views/static_pages/accueil.html.erb:12
  [1m[36mCACHE User Load (0.0ms)[0m  [1m[34mSELECT  "users".* FROM "users" WHERE "users"."id" = $1 LIMIT $2[0m  [["id", 5], ["LIMIT", 1]]
  ↳ app/views/static_pages/accueil.html.erb:12
  Rendered static_pages/accueil.html.erb within layouts/application (7.4ms)
Completed 200 OK in 68ms (Views: 65.6ms | ActiveRecord: 0.8ms)


Started GET "/" for 127.0.0.1 at 2019-02-05 20:41:36 +0100
Processing by StaticPagesController#accueil as HTML
  Rendering static_pages/accueil.html.erb within layouts/application
  [1m[36mPotin Load (11.7ms)[0m  [1m[34mSELECT "potins".* FROM "potins"[0m
  ↳ app/views/static_pages/accueil.html.erb:8
  [1m[36mUser Load (0.5ms)[0m  [1m[34mSELECT  "users".* FROM "users" WHERE "users"."id" = $1 LIMIT $2[0m  [["id", 5], ["LIMIT", 1]]
  ↳ app/views/static_pages/accueil.html.erb:12
  [1m[36mCACHE User Load (0.0ms)[0m  [1m[34mSELECT  "users".* FROM "users" WHERE "users"."id" = $1 LIMIT $2[0m  [["id", 5], ["LIMIT", 1]]
  ↳ app/views/static_pages/accueil.html.erb:12
  [1m[36mCACHE User Load (0.0ms)[0m  [1m[34mSELECT  "users".* FROM "users" WHERE "users"."id" = $1 LIMIT $2[0m  [["id", 5], ["LIMIT", 1]]
  ↳ app/views/static_pages/accueil.html.erb:12
  Rendered static_pages/accueil.html.erb within layouts/application (29.5ms)
Completed 200 OK in 77ms (Views: 53.9ms | ActiveRecord: 21.9ms)


Started GET "/" for 127.0.0.1 at 2019-02-05 20:43:31 +0100
Processing by StaticPagesController#accueil as HTML
  Rendering static_pages/accueil.html.erb within layouts/application
  [1m[36mPotin Load (1.2ms)[0m  [1m[34mSELECT "potins".* FROM "potins"[0m
  ↳ app/views/static_pages/accueil.html.erb:8
  [1m[36mUser Load (0.9ms)[0m  [1m[34mSELECT  "users".* FROM "users" WHERE "users"."id" = $1 LIMIT $2[0m  [["id", 5], ["LIMIT", 1]]
  ↳ app/views/static_pages/accueil.html.erb:12
  [1m[36mCACHE User Load (0.0ms)[0m  [1m[34mSELECT  "users".* FROM "users" WHERE "users"."id" = $1 LIMIT $2[0m  [["id", 5], ["LIMIT", 1]]
  ↳ app/views/static_pages/accueil.html.erb:12
  [1m[36mCACHE User Load (0.0ms)[0m  [1m[34mSELECT  "users".* FROM "users" WHERE "users"."id" = $1 LIMIT $2[0m  [["id", 5], ["LIMIT", 1]]
  ↳ app/views/static_pages/accueil.html.erb:12
  Rendered static_pages/accueil.html.erb within layouts/application (23.3ms)
Completed 200 OK in 81ms (Views: 69.6ms | ActiveRecord: 9.3ms)


Started GET "/potin/1" for 127.0.0.1 at 2019-02-05 20:44:26 +0100
Processing by PotinController#show as HTML
  Parameters: {"id"=>"1"}
  [1m[36mPotin Load (0.6ms)[0m  [1m[34mSELECT  "potins".* FROM "potins" WHERE "potins"."id" = $1 LIMIT $2[0m  [["id", 1], ["LIMIT", 1]]
  ↳ app/controllers/potin_controller.rb:3
  Rendering potin/show.html.erb within layouts/application
  Rendered potin/show.html.erb within layouts/application (1.0ms)
Completed 200 OK in 59ms (Views: 51.2ms | ActiveRecord: 0.6ms)


Started GET "/user/5" for 127.0.0.1 at 2019-02-05 20:44:30 +0100
Processing by UserController#show as HTML
  Parameters: {"id"=>"5"}
  [1m[36mUser Load (0.8ms)[0m  [1m[34mSELECT  "users".* FROM "users" WHERE "users"."id" = $1 LIMIT $2[0m  [["id", 5], ["LIMIT", 1]]
  ↳ app/controllers/user_controller.rb:3
  Rendering user/show.html.erb within layouts/application
  Rendered user/show.html.erb within layouts/application (0.9ms)
Completed 200 OK in 70ms (Views: 63.3ms | ActiveRecord: 0.8ms)


  [1m[35m (21.6ms)[0m  [1m[35mCREATE DATABASE "gossip_development" ENCODING = 'unicode'[0m
  ↳ bin/rails:9
  [1m[35m (0.8ms)[0m  [1m[35mCREATE DATABASE "gossip_test" ENCODING = 'unicode'[0m
  ↳ bin/rails:9
  [1m[35m (0.2ms)[0m  [1m[34mSELECT pg_try_advisory_lock(2509505225087396130)[0m
  ↳ bin/rails:9
  [1m[35m (45.4ms)[0m  [1m[34mSELECT "schema_migrations"."version" FROM "schema_migrations" ORDER BY "schema_migrations"."version" ASC[0m
  ↳ bin/rails:9
  [1m[36mActiveRecord::InternalMetadata Load (29.5ms)[0m  [1m[34mSELECT  "ar_internal_metadata".* FROM "ar_internal_metadata" WHERE "ar_internal_metadata"."key" = $1 LIMIT $2[0m  [["key", "environment"], ["LIMIT", 1]]
  ↳ bin/rails:9
  [1m[35m (0.2ms)[0m  [1m[35mBEGIN[0m
  ↳ bin/rails:9
  [1m[35m (0.2ms)[0m  [1m[35mCOMMIT[0m
  ↳ bin/rails:9
  [1m[35m (0.3ms)[0m  [1m[34mSELECT pg_advisory_unlock(2509505225087396130)[0m
  ↳ bin/rails:9
  [1m[35m (0.3ms)[0m  [1m[34mSELECT "schema_migrations"."version" FROM "schema_migrations" ORDER BY "schema_migrations"."version" ASC[0m
  ↳ bin/rails:9
  [1m[35m (0.2ms)[0m  [1m[34mSELECT pg_try_advisory_lock(2509505225087396130)[0m
  ↳ bin/rails:9
  [1m[35m (1.2ms)[0m  [1m[34mSELECT "schema_migrations"."version" FROM "schema_migrations" ORDER BY "schema_migrations"."version" ASC[0m
  ↳ bin/rails:9
  [1m[36mActiveRecord::InternalMetadata Load (0.5ms)[0m  [1m[34mSELECT  "ar_internal_metadata".* FROM "ar_internal_metadata" WHERE "ar_internal_metadata"."key" = $1 LIMIT $2[0m  [["key", "environment"], ["LIMIT", 1]]
  ↳ bin/rails:9
  [1m[35m (0.3ms)[0m  [1m[35mBEGIN[0m
  ↳ bin/rails:9
  [1m[35m (1.1ms)[0m  [1m[35mCOMMIT[0m
  ↳ bin/rails:9
  [1m[35m (0.4ms)[0m  [1m[34mSELECT pg_advisory_unlock(2509505225087396130)[0m
  ↳ bin/rails:9
  [1m[35m (1.1ms)[0m  [1m[34mSELECT "schema_migrations"."version" FROM "schema_migrations" ORDER BY "schema_migrations"."version" ASC[0m
  ↳ bin/rails:9
  [1m[35m (0.9ms)[0m  [1m[35mCREATE DATABASE "gossip_development" ENCODING = 'unicode'[0m
  ↳ bin/rails:9
  [1m[35m (2.2ms)[0m  [1m[35mCREATE DATABASE "gossip_test" ENCODING = 'unicode'[0m
  ↳ bin/rails:9
  [1m[35m (0.2ms)[0m  [1m[34mSELECT pg_try_advisory_lock(2509505225087396130)[0m
  ↳ bin/rails:9
  [1m[35m (0.8ms)[0m  [1m[34mSELECT "schema_migrations"."version" FROM "schema_migrations" ORDER BY "schema_migrations"."version" ASC[0m
  ↳ bin/rails:9
  [1m[36mActiveRecord::InternalMetadata Load (0.5ms)[0m  [1m[34mSELECT  "ar_internal_metadata".* FROM "ar_internal_metadata" WHERE "ar_internal_metadata"."key" = $1 LIMIT $2[0m  [["key", "environment"], ["LIMIT", 1]]
  ↳ bin/rails:9
  [1m[35m (0.2ms)[0m  [1m[35mBEGIN[0m
  ↳ bin/rails:9
  [1m[35m (0.2ms)[0m  [1m[35mCOMMIT[0m
  ↳ bin/rails:9
  [1m[35m (0.3ms)[0m  [1m[34mSELECT pg_advisory_unlock(2509505225087396130)[0m
  ↳ bin/rails:9
  [1m[35m (0.4ms)[0m  [1m[34mSELECT "schema_migrations"."version" FROM "schema_migrations" ORDER BY "schema_migrations"."version" ASC[0m
  ↳ bin/rails:9
  [1m[35m (0.9ms)[0m  [1m[34mSELECT "schema_migrations"."version" FROM "schema_migrations" ORDER BY "schema_migrations"."version" ASC[0m
  ↳ bin/rails:9
  [1m[35m (0.5ms)[0m  [1m[35mBEGIN[0m
  ↳ db/seeds.rb:12
  [1m[36mCity Create (36.4ms)[0m  [1m[32mINSERT INTO "cities" ("name", "zip_code", "created_at", "updated_at") VALUES ($1, $2, $3, $4) RETURNING "id"[0m  [["name", "Lake Jann"], ["zip_code", "92528"], ["created_at", "2019-02-06 09:33:20.419373"], ["updated_at", "2019-02-06 09:33:20.419373"]]
  ↳ db/seeds.rb:12
  [1m[35m (24.2ms)[0m  [1m[35mCOMMIT[0m
  ↳ db/seeds.rb:12
  [1m[35m (0.2ms)[0m  [1m[35mBEGIN[0m
  ↳ db/seeds.rb:12
  [1m[36mCity Create (0.6ms)[0m  [1m[32mINSERT INTO "cities" ("name", "zip_code", "created_at", "updated_at") VALUES ($1, $2, $3, $4) RETURNING "id"[0m  [["name", "East Patrickshire"], ["zip_code", "68608"], ["created_at", "2019-02-06 09:33:20.487659"], ["updated_at", "2019-02-06 09:33:20.487659"]]
  ↳ db/seeds.rb:12
  [1m[35m (12.6ms)[0m  [1m[35mCOMMIT[0m
  ↳ db/seeds.rb:12
  [1m[35m (0.7ms)[0m  [1m[35mBEGIN[0m
  ↳ db/seeds.rb:18
  [1m[36mUser Exists (44.4ms)[0m  [1m[34mSELECT  1 AS one FROM "users" WHERE "users"."email" = $1 LIMIT $2[0m  [["email", "chunlangworth@kutchlakin.biz"], ["LIMIT", 1]]
  ↳ db/seeds.rb:18
  [1m[36mUser Create (13.7ms)[0m  [1m[32mINSERT INTO "users" ("f_name", "l_name", "descrip", "email", "age", "city_id", "created_at", "updated_at") VALUES ($1, $2, $3, $4, $5, $6, $7, $8) RETURNING "id"[0m  [["f_name", "Felix"], ["l_name", "Alba"], ["descrip", "Bat Out of Hell"], ["email", "chunlangworth@kutchlakin.biz"], ["age", "1976-05-04"], ["city_id", 4], ["created_at", "2019-02-06 09:33:20.620964"], ["updated_at", "2019-02-06 09:33:20.620964"]]
  ↳ db/seeds.rb:18
  [1m[35m (27.5ms)[0m  [1m[35mCOMMIT[0m
  ↳ db/seeds.rb:18
  [1m[35m (0.2ms)[0m  [1m[35mBEGIN[0m
  ↳ db/seeds.rb:18
  [1m[36mUser Exists (0.5ms)[0m  [1m[34mSELECT  1 AS one FROM "users" WHERE "users"."email" = $1 LIMIT $2[0m  [["email", "hermanswaniawski@johnston.name"], ["LIMIT", 1]]
  ↳ db/seeds.rb:18
  [1m[36mUser Create (0.5ms)[0m  [1m[32mINSERT INTO "users" ("f_name", "l_name", "descrip", "email", "age", "city_id", "created_at", "updated_at") VALUES ($1, $2, $3, $4, $5, $6, $7, $8) RETURNING "id"[0m  [["f_name", "Clarence"], ["l_name", "Leonila"], ["descrip", "Backstreet Boys"], ["email", "hermanswaniawski@johnston.name"], ["age", "1959-06-22"], ["city_id", 4], ["created_at", "2019-02-06 09:33:20.669100"], ["updated_at", "2019-02-06 09:33:20.669100"]]
  ↳ db/seeds.rb:18
  [1m[35m (9.2ms)[0m  [1m[35mCOMMIT[0m
  ↳ db/seeds.rb:18
  [1m[35m (7.5ms)[0m  [1m[35mBEGIN[0m
  ↳ db/seeds.rb:18
  [1m[36mUser Exists (8.0ms)[0m  [1m[34mSELECT  1 AS one FROM "users" WHERE "users"."email" = $1 LIMIT $2[0m  [["email", "trinidad@abernathypfeffer.biz"], ["LIMIT", 1]]
  ↳ db/seeds.rb:18
  [1m[36mUser Create (1.9ms)[0m  [1m[32mINSERT INTO "users" ("f_name", "l_name", "descrip", "email", "age", "city_id", "created_at", "updated_at") VALUES ($1, $2, $3, $4, $5, $6, $7, $8) RETURNING "id"[0m  [["f_name", "Daniel"], ["l_name", "Olin"], ["descrip", "The Marshall Mathers LP"], ["email", "trinidad@abernathypfeffer.biz"], ["age", "1986-01-31"], ["city_id", 4], ["created_at", "2019-02-06 09:33:20.713000"], ["updated_at", "2019-02-06 09:33:20.713000"]]
  ↳ db/seeds.rb:18
  [1m[35m (3.1ms)[0m  [1m[35mCOMMIT[0m
  ↳ db/seeds.rb:18
  [1m[35m (0.4ms)[0m  [1m[35mBEGIN[0m
  ↳ db/seeds.rb:18
  [1m[36mUser Exists (3.1ms)[0m  [1m[34mSELECT  1 AS one FROM "users" WHERE "users"."email" = $1 LIMIT $2[0m  [["email", "stantoncorkery@larsonhamill.biz"], ["LIMIT", 1]]
  ↳ db/seeds.rb:18
  [1m[36mUser Create (3.6ms)[0m  [1m[32mINSERT INTO "users" ("f_name", "l_name", "descrip", "email", "age", "city_id", "created_at", "updated_at") VALUES ($1, $2, $3, $4, $5, $6, $7, $8) RETURNING "id"[0m  [["f_name", "Darrick"], ["l_name", "Kenneth"], ["descrip", "Music Box"], ["email", "stantoncorkery@larsonhamill.biz"], ["age", "1987-03-24"], ["city_id", 4], ["created_at", "2019-02-06 09:33:20.726818"], ["updated_at", "2019-02-06 09:33:20.726818"]]
  ↳ db/seeds.rb:18
  [1m[35m (10.9ms)[0m  [1m[35mCOMMIT[0m
  ↳ db/seeds.rb:18
  [1m[35m (0.3ms)[0m  [1m[35mBEGIN[0m
  ↳ db/seeds.rb:18
  [1m[36mUser Exists (0.4ms)[0m  [1m[34mSELECT  1 AS one FROM "users" WHERE "users"."email" = $1 LIMIT $2[0m  [["email", "carolmayert@wuckert.org"], ["LIMIT", 1]]
  ↳ db/seeds.rb:18
  [1m[36mUser Create (0.6ms)[0m  [1m[32mINSERT INTO "users" ("f_name", "l_name", "descrip", "email", "age", "city_id", "created_at", "updated_at") VALUES ($1, $2, $3, $4, $5, $6, $7, $8) RETURNING "id"[0m  [["f_name", "Gavin"], ["l_name", "Wendell"], ["descrip", "Dangerous"], ["email", "carolmayert@wuckert.org"], ["age", "1973-04-18"], ["city_id", 4], ["created_at", "2019-02-06 09:33:20.747826"], ["updated_at", "2019-02-06 09:33:20.747826"]]
  ↳ db/seeds.rb:18
  [1m[35m (3.7ms)[0m  [1m[35mCOMMIT[0m
  ↳ db/seeds.rb:18
  [1m[35m (8.6ms)[0m  [1m[35mBEGIN[0m
  ↳ db/seeds.rb:23
  [1m[35m (0.3ms)[0m  [1m[31mROLLBACK[0m
  ↳ db/seeds.rb:23
  [1m[35m (2.3ms)[0m  [1m[35mBEGIN[0m
  ↳ db/seeds.rb:23
  [1m[35m (2.4ms)[0m  [1m[31mROLLBACK[0m
  ↳ db/seeds.rb:23
  [1m[35m (2.4ms)[0m  [1m[35mBEGIN[0m
  ↳ db/seeds.rb:23
  [1m[35m (2.3ms)[0m  [1m[31mROLLBACK[0m
  ↳ db/seeds.rb:23
  [1m[35m (9.2ms)[0m  [1m[35mBEGIN[0m
  ↳ db/seeds.rb:28
  [1m[36mTag Create (14.3ms)[0m  [1m[32mINSERT INTO "tags" ("title", "created_at", "updated_at") VALUES ($1, $2, $3) RETURNING "id"[0m  [["title", "Senior Construction Supervisor"], ["created_at", "2019-02-06 09:33:20.855913"], ["updated_at", "2019-02-06 09:33:20.855913"]]
  ↳ db/seeds.rb:28
  [1m[35m (26.9ms)[0m  [1m[35mCOMMIT[0m
  ↳ db/seeds.rb:28
  [1m[35m (2.7ms)[0m  [1m[35mBEGIN[0m
  ↳ db/seeds.rb:28
  [1m[36mTag Create (7.0ms)[0m  [1m[32mINSERT INTO "tags" ("title", "created_at", "updated_at") VALUES ($1, $2, $3) RETURNING "id"[0m  [["title", "Healthcare Developer"], ["created_at", "2019-02-06 09:33:20.905431"], ["updated_at", "2019-02-06 09:33:20.905431"]]
  ↳ db/seeds.rb:28
  [1m[35m (6.7ms)[0m  [1m[35mCOMMIT[0m
  ↳ db/seeds.rb:28
  [1m[35m (0.3ms)[0m  [1m[34mSELECT pg_try_advisory_lock(2509505225087396130)[0m
  ↳ bin/rails:9
  [1m[35m (1.0ms)[0m  [1m[34mSELECT "schema_migrations"."version" FROM "schema_migrations" ORDER BY "schema_migrations"."version" ASC[0m
  ↳ bin/rails:9
  [1m[36mActiveRecord::InternalMetadata Load (0.5ms)[0m  [1m[34mSELECT  "ar_internal_metadata".* FROM "ar_internal_metadata" WHERE "ar_internal_metadata"."key" = $1 LIMIT $2[0m  [["key", "environment"], ["LIMIT", 1]]
  ↳ bin/rails:9
  [1m[35m (0.3ms)[0m  [1m[35mBEGIN[0m
  ↳ bin/rails:9
  [1m[35m (0.2ms)[0m  [1m[35mCOMMIT[0m
  ↳ bin/rails:9
  [1m[35m (0.3ms)[0m  [1m[34mSELECT pg_advisory_unlock(2509505225087396130)[0m
  ↳ bin/rails:9
  [1m[35m (0.3ms)[0m  [1m[34mSELECT "schema_migrations"."version" FROM "schema_migrations" ORDER BY "schema_migrations"."version" ASC[0m
  ↳ bin/rails:9
